Log file open, 04/04/20 15:14:07
LogWindows: Failed to load 'aqProf.dll' (GetLastError=126)
LogWindows: File 'aqProf.dll' does not exist
LogWindows: Failed to load 'VtuneApi.dll' (GetLastError=126)
LogWindows: File 'VtuneApi.dll' does not exist
LogWindows: Failed to load 'VtuneApi32e.dll' (GetLastError=126)
LogWindows: File 'VtuneApi32e.dll' does not exist
LogConsoleResponse: Display: Failed to find resolution value strings in scalability ini. Falling back to default.
LogInit: Display: Running engine for game: MyProject
LogPlatformFile: Not using cached read wrapper
LogTaskGraph: Started task graph with 5 named threads and 83 total threads with 3 sets of task threads.
LogStats: Stats thread started at 0.062647
LogD3D11RHI: Loaded GFSDK_Aftermath_Lib.x64.dll
LogICUInternationalization: ICU TimeZone Detection - Raw Offset: -8:00, Platform Override: ''
LogPluginManager: Mounting plugin Paper2D
LogPluginManager: Mounting plugin AISupport
LogPluginManager: Mounting plugin LightPropagationVolume
LogPluginManager: Mounting plugin ActorLayerUtilities
LogPluginManager: Mounting plugin AnimationSharing
LogPluginManager: Mounting plugin CLionSourceCodeAccess
LogPluginManager: Mounting plugin CodeLiteSourceCodeAccess
LogPluginManager: Mounting plugin GitSourceControl
LogPluginManager: Mounting plugin KDevelopSourceCodeAccess
LogPluginManager: Mounting plugin NullSourceCodeAccess
LogPluginManager: Mounting plugin PerforceSourceControl
LogPluginManager: Mounting plugin PlasticSourceControl
LogPluginManager: Mounting plugin SubversionSourceControl
LogPluginManager: Mounting plugin UObjectPlugin
LogPluginManager: Mounting plugin VisualStudioCodeSourceCodeAccess
LogPluginManager: Mounting plugin VisualStudioSourceCodeAccess
LogPluginManager: Mounting plugin XCodeSourceCodeAccess
LogPluginManager: Mounting plugin AssetManagerEditor
LogPluginManager: Mounting plugin CryptoKeys
LogPluginManager: Mounting plugin CurveEditorTools
LogPluginManager: Mounting plugin DataValidation
LogPluginManager: Mounting plugin FacialAnimation
LogPluginManager: Mounting plugin GameplayTagsEditor
LogPluginManager: Mounting plugin MacGraphicsSwitching
LogPluginManager: Mounting plugin MaterialAnalyzer
LogPluginManager: Mounting plugin MobileLauncherProfileWizard
LogPluginManager: Mounting plugin PluginBrowser
LogPluginManager: Mounting plugin SpeedTreeImporter
LogPluginManager: Mounting plugin DatasmithContent
LogPluginManager: Mounting plugin VariantManagerContent
LogPluginManager: Mounting plugin AlembicImporter
LogPluginManager: Mounting plugin AutomationUtils
LogPluginManager: Mounting plugin BackChannel
LogPluginManager: Mounting plugin CharacterAI
LogPluginManager: Mounting plugin GeometryCache
LogPluginManager: Mounting plugin PlatformCrypto
LogPluginManager: Mounting plugin ProxyLODPlugin
LogPluginManager: Mounting plugin SkeletalReduction
LogPluginManager: Mounting plugin MagicLeap
LogPluginManager: Mounting plugin MagicLeapMedia
LogPluginManager: Mounting plugin MLSDK
LogPluginManager: Mounting plugin AndroidMedia
LogPluginManager: Mounting plugin AvfMedia
LogPluginManager: Mounting plugin ImgMedia
LogPluginManager: Mounting plugin MediaCompositing
LogPluginManager: Mounting plugin MediaPlayerEditor
LogPluginManager: Mounting plugin WebMMedia
LogPluginManager: Mounting plugin WmfMedia
LogPluginManager: Mounting plugin TcpMessaging
LogPluginManager: Mounting plugin UdpMessaging
LogPluginManager: Mounting plugin ActorSequence
LogPluginManager: Mounting plugin LevelSequenceEditor
LogPluginManager: Mounting plugin MatineeToLevelSequence
LogPluginManager: Mounting plugin NetcodeUnitTest
LogPluginManager: Mounting plugin NUTUnrealEngine4
LogPluginManager: Mounting plugin OnlineSubsystemGooglePlay
LogPluginManager: Mounting plugin OnlineSubsystemIOS
LogPluginManager: Mounting plugin OnlineSubsystem
LogPluginManager: Mounting plugin OnlineSubsystemNull
LogPluginManager: Mounting plugin OnlineSubsystemUtils
LogPluginManager: Mounting plugin LauncherChunkInstaller
LogPluginManager: Mounting plugin AndroidDeviceProfileSelector
LogPluginManager: Mounting plugin AndroidMoviePlayer
LogPluginManager: Mounting plugin AndroidPermission
LogPluginManager: Mounting plugin AppleImageUtils
LogPluginManager: Mounting plugin AppleMoviePlayer
LogPluginManager: Mounting plugin ArchVisCharacter
LogPluginManager: Mounting plugin AssetTags
LogPluginManager: Mounting plugin AudioCapture
LogPluginManager: Mounting plugin CableComponent
LogPluginManager: Mounting plugin CustomMeshComponent
LogPluginManager: Mounting plugin EditableMesh
LogPluginManager: Mounting plugin ExampleDeviceProfileSelector
LogPluginManager: Mounting plugin GoogleCloudMessaging
LogPluginManager: Mounting plugin IOSDeviceProfileSelector
LogPluginManager: Mounting plugin LinuxDeviceProfileSelector
LogPluginManager: Mounting plugin LocationServicesBPLibrary
LogPluginManager: Mounting plugin MobilePatchingUtils
LogPluginManager: Mounting plugin OculusVR
LogPluginManager: Mounting plugin PhysXVehicles
LogPluginManager: Mounting plugin PostSplashScreen
LogPluginManager: Mounting plugin ProceduralMeshComponent
LogPluginManager: Mounting plugin RuntimePhysXCooking
LogPluginManager: Mounting plugin SignificanceManager
LogPluginManager: Mounting plugin SteamVR
LogPluginManager: Mounting plugin WebMMoviePlayer
LogPluginManager: Mounting plugin WindowsMoviePlayer
LogPluginManager: Mounting plugin ScreenshotTools
LogInit: Using libcurl 7.55.1-DEV
LogInit:  - built for x86_64-pc-win32
LogInit:  - supports SSL with OpenSSL/1.1.1
LogInit:  - supports HTTP deflate (compression) using libz 1.2.8
LogInit:  - other features:
LogInit:      CURL_VERSION_SSL
LogInit:      CURL_VERSION_LIBZ
LogInit:      CURL_VERSION_IPV6
LogInit:      CURL_VERSION_ASYNCHDNS
LogInit:      CURL_VERSION_LARGEFILE
LogInit:      CURL_VERSION_IDN
LogInit:  CurlRequestOptions (configurable via config and command line):
LogInit:  - bVerifyPeer = true  - Libcurl will verify peer certificate
LogInit:  - bUseHttpProxy = false  - Libcurl will NOT use HTTP proxy
LogInit:  - bDontReuseConnections = false  - Libcurl will reuse connections
LogInit:  - MaxHostConnections = 16  - Libcurl will limit the number of connections to a host
LogInit:  - LocalHostAddr = Default
LogInit:  - BufferSize = 65536
LogOnline: OSS: Creating online subsystem instance for: NULL
LogInit: WinSock: version 1.1 (2.2), MaxSocks=32767, MaxUdp=65467
LogOnline: OSS: TryLoadSubsystemAndSetDefault: Loaded subsystem for module [NULL]
LogHMD: Failed initializing OVRPlugin 1.40.0
LogInit: Build: ++UE4+Release-4.24-CL-11590370
LogInit: Engine Version: 4.24.3-11590370+++UE4+Release-4.24
LogInit: Compatible Engine Version: 4.24.0-10570792+++UE4+Release-4.24
LogInit: Net CL: 10570792
LogInit: OS: Windows 10 (Release 1909) (), CPU: AMD Ryzen 9 3950X 16-Core Processor            , GPU: NVIDIA GeForce RTX 2070
LogInit: Compiled (64-bit): Feb 24 2020 15:39:18
LogInit: Compiled with Visual C++: 19.16.27032.01
LogInit: Build Configuration: Development
LogInit: Branch Name: ++UE4+Release-4.24
LogInit: Command Line:  /Game/FirstPersonBP/Maps/FirstPersonExampleMap -game -PIEVIACONSOLE -ResX=1280 -ResY=720 -Multiprocess -messaging -SessionName="Play in Standalone Game" -windowed
LogInit: Base Directory: C:/UE_4.24/Engine/Binaries/Win64/
LogInit: Installed Engine Build: 1
LogDevObjectVersion: Number of dev versions registered: 25
LogDevObjectVersion:   Dev-Blueprints (B0D832E4-1F89-4F0D-ACCF-7EB736FD4AA2): 10
LogDevObjectVersion:   Dev-Build (E1C64328-A22C-4D53-A36C-8E866417BD8C): 0
LogDevObjectVersion:   Dev-Core (375EC13C-06E4-48FB-B500-84F0262A717E): 3
LogDevObjectVersion:   Dev-Editor (E4B068ED-F494-42E9-A231-DA0B2E46BB41): 37
LogDevObjectVersion:   Dev-Framework (CFFC743F-43B0-4480-9391-14DF171D2073): 36
LogDevObjectVersion:   Dev-Mobile (B02B49B5-BB20-44E9-A304-32B752E40360): 2
LogDevObjectVersion:   Dev-Networking (A4E4105C-59A1-49B5-A7C5-40C4547EDFEE): 0
LogDevObjectVersion:   Dev-Online (39C831C9-5AE6-47DC-9A44-9C173E1C8E7C): 0
LogDevObjectVersion:   Dev-Physics (78F01B33-EBEA-4F98-B9B4-84EACCB95AA2): 2
LogDevObjectVersion:   Dev-Platform (6631380F-2D4D-43E0-8009-CF276956A95A): 0
LogDevObjectVersion:   Dev-Rendering (12F88B9F-8875-4AFC-A67C-D90C383ABD29): 36
LogDevObjectVersion:   Dev-Sequencer (7B5AE74C-D270-4C10-A958-57980B212A5A): 11
LogDevObjectVersion:   Dev-VR (D7296918-1DD6-4BDD-9DE2-64A83CC13884): 2
LogDevObjectVersion:   Dev-LoadTimes (C2A15278-BFE7-4AFE-6C17-90FF531DF755): 1
LogDevObjectVersion:   Private-Geometry (6EACA3D4-40EC-4CC1-B786-8BED09428FC5): 3
LogDevObjectVersion:   Dev-AnimPhys (29E575DD-E0A3-4627-9D10-D276232CDCEA): 17
LogDevObjectVersion:   Dev-Anim (AF43A65D-7FD3-4947-9873-3E8ED9C1BB05): 2
LogDevObjectVersion:   Dev-ReflectionCapture (6B266CEC-1EC7-4B8F-A30B-E4D90942FC07): 1
LogDevObjectVersion:   Dev-Automation (0DF73D61-A23F-47EA-B727-89E90C41499A): 1
LogDevObjectVersion:   FortniteMain (601D1886-AC64-4F84-AA16-D3DE0DEAC7D6): 31
LogDevObjectVersion:   Dev-Enterprise (9DFFBCD6-494F-0158-E221-12823C92A888): 8
LogDevObjectVersion:   Dev-Niagara (F2AED0AC-9AFE-416F-8664-AA7FFA26D6FC): 1
LogDevObjectVersion:   Dev-Destruction (174F1F0B-B4C6-45A5-B13F-2EE8D0FB917D): 9
LogDevObjectVersion:   Dev-Physics-Ext (35F94A83-E258-406C-A318-09F59610247C): 8
LogDevObjectVersion:   Dev-CineCamera (B2E18506-4273-CFC2-A54E-F4BB758BBA07): 1
LogInit: Presizing for max 25165824 objects, including 0 objects not considered by GC, pre-allocating 0 bytes for permanent pool.
LogInit: Object subsystem initialized
LogConfig: Setting CVar [[con.DebugEarlyDefault:1]]
LogConfig: Setting CVar [[r.setres:1280x720]]
[2020.04.04-22.14.08:437][  0]LogConfig: Setting CVar [[con.DebugEarlyDefault:1]]
[2020.04.04-22.14.08:437][  0]LogConfig: Setting CVar [[r.setres:1280x720]]
[2020.04.04-22.14.08:437][  0]LogConfig: Applying CVar settings from Section [/Script/Engine.RendererSettings] File [C:/Users/xaxxon/Documents/Unreal Projects/MyProject/Saved/Config/Windows/Engine.ini]
[2020.04.04-22.14.08:437][  0]LogConfig: Setting CVar [[r.GPUCrashDebugging:0]]
[2020.04.04-22.14.08:437][  0]LogConfig: Setting CVar [[r.SkinCache.CompileShaders:1]]
[2020.04.04-22.14.08:437][  0]LogConfig: Setting CVar [[r.RayTracing:1]]
[2020.04.04-22.14.08:437][  0]LogConfig: Applying CVar settings from Section [/Script/Engine.RendererOverrideSettings] File [C:/Users/xaxxon/Documents/Unreal Projects/MyProject/Saved/Config/Windows/Engine.ini]
[2020.04.04-22.14.08:437][  0]LogConfig: Applying CVar settings from Section [/Script/Engine.StreamingSettings] File [C:/Users/xaxxon/Documents/Unreal Projects/MyProject/Saved/Config/Windows/Engine.ini]
[2020.04.04-22.14.08:437][  0]LogConfig: Setting CVar [[s.MinBulkDataSizeForAsyncLoading:131072]]
[2020.04.04-22.14.08:437][  0]LogConfig: Setting CVar [[s.AsyncLoadingThreadEnabled:0]]
[2020.04.04-22.14.08:437][  0]LogConfig: Setting CVar [[s.EventDrivenLoaderEnabled:1]]
[2020.04.04-22.14.08:437][  0]LogConfig: Setting CVar [[s.WarnIfTimeLimitExceeded:0]]
[2020.04.04-22.14.08:437][  0]LogConfig: Setting CVar [[s.TimeLimitExceededMultiplier:1.5]]
[2020.04.04-22.14.08:437][  0]LogConfig: Setting CVar [[s.TimeLimitExceededMinTime:0.005]]
[2020.04.04-22.14.08:437][  0]LogConfig: Setting CVar [[s.UseBackgroundLevelStreaming:1]]
[2020.04.04-22.14.08:437][  0]LogConfig: Setting CVar [[s.PriorityAsyncLoadingExtraTime:15.0]]
[2020.04.04-22.14.08:437][  0]LogConfig: Setting CVar [[s.LevelStreamingActorsUpdateTimeLimit:5.0]]
[2020.04.04-22.14.08:437][  0]LogConfig: Setting CVar [[s.PriorityLevelStreamingActorsUpdateExtraTime:5.0]]
[2020.04.04-22.14.08:437][  0]LogConfig: Setting CVar [[s.LevelStreamingComponentsRegistrationGranularity:10]]
[2020.04.04-22.14.08:437][  0]LogConfig: Setting CVar [[s.UnregisterComponentsTimeLimit:1.0]]
[2020.04.04-22.14.08:437][  0]LogConfig: Setting CVar [[s.LevelStreamingComponentsUnregistrationGranularity:5]]
[2020.04.04-22.14.08:437][  0]LogConfig: Setting CVar [[s.FlushStreamingOnExit:1]]
[2020.04.04-22.14.08:437][  0]LogConfig: Applying CVar settings from Section [/Script/Engine.GarbageCollectionSettings] File [C:/Users/xaxxon/Documents/Unreal Projects/MyProject/Saved/Config/Windows/Engine.ini]
[2020.04.04-22.14.08:437][  0]LogConfig: Setting CVar [[gc.MaxObjectsNotConsideredByGC:1]]
[2020.04.04-22.14.08:437][  0]LogConfig: Setting CVar [[gc.SizeOfPermanentObjectPool:0]]
[2020.04.04-22.14.08:437][  0]LogConfig: Setting CVar [[gc.FlushStreamingOnGC:0]]
[2020.04.04-22.14.08:437][  0]LogConfig: Setting CVar [[gc.NumRetriesBeforeForcingGC:10]]
[2020.04.04-22.14.08:437][  0]LogConfig: Setting CVar [[gc.AllowParallelGC:1]]
[2020.04.04-22.14.08:437][  0]LogConfig: Setting CVar [[gc.TimeBetweenPurgingPendingKillObjects:61.1]]
[2020.04.04-22.14.08:437][  0]LogConfig: Setting CVar [[gc.MaxObjectsInEditor:25165824]]
[2020.04.04-22.14.08:438][  0]LogConfig: Setting CVar [[gc.IncrementalBeginDestroyEnabled:1]]
[2020.04.04-22.14.08:438][  0]LogConfig: Setting CVar [[gc.CreateGCClusters:1]]
[2020.04.04-22.14.08:438][  0]LogConfig: Setting CVar [[gc.MinGCClusterSize:5]]
[2020.04.04-22.14.08:438][  0]LogConfig: Setting CVar [[gc.ActorClusteringEnabled:0]]
[2020.04.04-22.14.08:438][  0]LogConfig: Setting CVar [[gc.BlueprintClusteringEnabled:0]]
[2020.04.04-22.14.08:438][  0]LogConfig: Setting CVar [[gc.UseDisregardForGCOnDedicatedServers:0]]
[2020.04.04-22.14.08:438][  0]LogConfig: Applying CVar settings from Section [/Script/Engine.NetworkSettings] File [C:/Users/xaxxon/Documents/Unreal Projects/MyProject/Saved/Config/Windows/Engine.ini]
[2020.04.04-22.14.08:438][  0]LogConfig: Applying CVar settings from Section [/Script/UnrealEd.CookerSettings] File [C:/Users/xaxxon/Documents/Unreal Projects/MyProject/Saved/Config/Windows/Engine.ini]
[2020.04.04-22.14.08:442][  0]LogConfig: Applying CVar settings from Section [ViewDistanceQuality@3] File [C:/Users/xaxxon/Documents/Unreal Projects/MyProject/Saved/Config/Windows/Scalability.ini]
[2020.04.04-22.14.08:443][  0]LogConfig: Setting CVar [[r.SkeletalMeshLODBias:0]]
[2020.04.04-22.14.08:443][  0]LogConfig: Setting CVar [[r.ViewDistanceScale:1.0]]
[2020.04.04-22.14.08:443][  0]LogConfig: Applying CVar settings from Section [AntiAliasingQuality@3] File [C:/Users/xaxxon/Documents/Unreal Projects/MyProject/Saved/Config/Windows/Scalability.ini]
[2020.04.04-22.14.08:443][  0]LogConfig: Setting CVar [[r.PostProcessAAQuality:4]]
[2020.04.04-22.14.08:443][  0]LogConfig: Applying CVar settings from Section [ShadowQuality@3] File [C:/Users/xaxxon/Documents/Unreal Projects/MyProject/Saved/Config/Windows/Scalability.ini]
[2020.04.04-22.14.08:443][  0]LogConfig: Setting CVar [[r.LightFunctionQuality:1]]
[2020.04.04-22.14.08:443][  0]LogConfig: Setting CVar [[r.ShadowQuality:5]]
[2020.04.04-22.14.08:443][  0]LogConfig: Setting CVar [[r.Shadow.CSM.MaxCascades:10]]
[2020.04.04-22.14.08:443][  0]LogConfig: Setting CVar [[r.Shadow.MaxResolution:2048]]
[2020.04.04-22.14.08:443][  0]LogConfig: Setting CVar [[r.Shadow.MaxCSMResolution:2048]]
[2020.04.04-22.14.08:443][  0]LogConfig: Setting CVar [[r.Shadow.RadiusThreshold:0.01]]
[2020.04.04-22.14.08:443][  0]LogConfig: Setting CVar [[r.Shadow.DistanceScale:1.0]]
[2020.04.04-22.14.08:443][  0]LogConfig: Setting CVar [[r.Shadow.CSM.TransitionScale:1.0]]
[2020.04.04-22.14.08:443][  0]LogConfig: Setting CVar [[r.Shadow.PreShadowResolutionFactor:1.0]]
[2020.04.04-22.14.08:443][  0]LogConfig: Setting CVar [[r.DistanceFieldShadowing:1]]
[2020.04.04-22.14.08:443][  0]LogConfig: Setting CVar [[r.DistanceFieldAO:1]]
[2020.04.04-22.14.08:443][  0]LogConfig: Setting CVar [[r.AOQuality:2]]
[2020.04.04-22.14.08:443][  0]LogConfig: Setting CVar [[r.VolumetricFog:1]]
[2020.04.04-22.14.08:443][  0]LogConfig: Setting CVar [[r.VolumetricFog.GridPixelSize:8]]
[2020.04.04-22.14.08:443][  0]LogConfig: Setting CVar [[r.VolumetricFog.GridSizeZ:128]]
[2020.04.04-22.14.08:443][  0]LogConfig: Setting CVar [[r.VolumetricFog.HistoryMissSupersampleCount:4]]
[2020.04.04-22.14.08:443][  0]LogConfig: Setting CVar [[r.LightMaxDrawDistanceScale:1]]
[2020.04.04-22.14.08:443][  0]LogConfig: Setting CVar [[r.CapsuleShadows:1]]
[2020.04.04-22.14.08:443][  0]LogConfig: Applying CVar settings from Section [PostProcessQuality@3] File [C:/Users/xaxxon/Documents/Unreal Projects/MyProject/Saved/Config/Windows/Scalability.ini]
[2020.04.04-22.14.08:443][  0]LogConfig: Setting CVar [[r.MotionBlurQuality:4]]
[2020.04.04-22.14.08:443][  0]LogConfig: Setting CVar [[r.AmbientOcclusionMipLevelFactor:0.4]]
[2020.04.04-22.14.08:443][  0]LogConfig: Setting CVar [[r.AmbientOcclusionMaxQuality:100]]
[2020.04.04-22.14.08:443][  0]LogConfig: Setting CVar [[r.AmbientOcclusionLevels:-1]]
[2020.04.04-22.14.08:443][  0]LogConfig: Setting CVar [[r.AmbientOcclusionRadiusScale:1.0]]
[2020.04.04-22.14.08:443][  0]LogConfig: Setting CVar [[r.DepthOfFieldQuality:2]]
[2020.04.04-22.14.08:443][  0]LogConfig: Setting CVar [[r.RenderTargetPoolMin:400]]
[2020.04.04-22.14.08:443][  0]LogConfig: Setting CVar [[r.LensFlareQuality:2]]
[2020.04.04-22.14.08:443][  0]LogConfig: Setting CVar [[r.SceneColorFringeQuality:1]]
[2020.04.04-22.14.08:443][  0]LogConfig: Setting CVar [[r.EyeAdaptationQuality:2]]
[2020.04.04-22.14.08:443][  0]LogConfig: Setting CVar [[r.BloomQuality:5]]
[2020.04.04-22.14.08:443][  0]LogConfig: Setting CVar [[r.FastBlurThreshold:100]]
[2020.04.04-22.14.08:443][  0]LogConfig: Setting CVar [[r.Upscale.Quality:3]]
[2020.04.04-22.14.08:443][  0]LogConfig: Setting CVar [[r.Tonemapper.GrainQuantization:1]]
[2020.04.04-22.14.08:443][  0]LogConfig: Setting CVar [[r.LightShaftQuality:1]]
[2020.04.04-22.14.08:443][  0]LogConfig: Setting CVar [[r.Filter.SizeScale:1]]
[2020.04.04-22.14.08:443][  0]LogConfig: Setting CVar [[r.Tonemapper.Quality:5]]
[2020.04.04-22.14.08:443][  0]LogConfig: Setting CVar [[r.DOF.Gather.AccumulatorQuality:1        ; higher gathering accumulator quality]]
[2020.04.04-22.14.08:443][  0]LogConfig: Setting CVar [[r.DOF.Gather.PostfilterMethod:1          ; Median3x3 postfilering method]]
[2020.04.04-22.14.08:443][  0]LogConfig: Setting CVar [[r.DOF.Gather.EnableBokehSettings:0       ; no bokeh simulation when gathering]]
[2020.04.04-22.14.08:443][  0]LogConfig: Setting CVar [[r.DOF.Gather.RingCount:4                 ; medium number of samples when gathering]]
[2020.04.04-22.14.08:443][  0]LogConfig: Setting CVar [[r.DOF.Scatter.ForegroundCompositing:1    ; additive foreground scattering]]
[2020.04.04-22.14.08:443][  0]LogConfig: Setting CVar [[r.DOF.Scatter.BackgroundCompositing:2    ; additive background scattering]]
[2020.04.04-22.14.08:443][  0]LogConfig: Setting CVar [[r.DOF.Scatter.EnableBokehSettings:1      ; bokeh simulation when scattering]]
[2020.04.04-22.14.08:443][  0]LogConfig: Setting CVar [[r.DOF.Scatter.MaxSpriteRatio:0.1         ; only a maximum of 10% of scattered bokeh]]
[2020.04.04-22.14.08:443][  0]LogConfig: Setting CVar [[r.DOF.Recombine.Quality:1                ; cheap slight out of focus]]
[2020.04.04-22.14.08:443][  0]LogConfig: Setting CVar [[r.DOF.Recombine.EnableBokehSettings:0    ; no bokeh simulation on slight out of focus]]
[2020.04.04-22.14.08:443][  0]LogConfig: Setting CVar [[r.DOF.TemporalAAQuality:1                ; more stable temporal accumulation]]
[2020.04.04-22.14.08:443][  0]LogConfig: Setting CVar [[r.DOF.Kernel.MaxForegroundRadius:0.025]]
[2020.04.04-22.14.08:443][  0]LogConfig: Setting CVar [[r.DOF.Kernel.MaxBackgroundRadius:0.025]]
[2020.04.04-22.14.08:443][  0]LogConfig: Applying CVar settings from Section [TextureQuality@3] File [C:/Users/xaxxon/Documents/Unreal Projects/MyProject/Saved/Config/Windows/Scalability.ini]
[2020.04.04-22.14.08:443][  0]LogConfig: Setting CVar [[r.Streaming.MipBias:0]]
[2020.04.04-22.14.08:443][  0]LogConfig: Setting CVar [[r.Streaming.AmortizeCPUToGPUCopy:0]]
[2020.04.04-22.14.08:443][  0]LogConfig: Setting CVar [[r.Streaming.MaxNumTexturesToStreamPerFrame:0]]
[2020.04.04-22.14.08:443][  0]LogConfig: Setting CVar [[r.Streaming.Boost:1]]
[2020.04.04-22.14.08:443][  0]LogConfig: Setting CVar [[r.MaxAnisotropy:8]]
[2020.04.04-22.14.08:443][  0]LogConfig: Setting CVar [[r.VT.MaxAnisotropy:8]]
[2020.04.04-22.14.08:443][  0]LogConfig: Setting CVar [[r.Streaming.LimitPoolSizeToVRAM:0]]
[2020.04.04-22.14.08:443][  0]LogConfig: Setting CVar [[r.Streaming.PoolSize:1000]]
[2020.04.04-22.14.08:443][  0]LogConfig: Setting CVar [[r.Streaming.MaxEffectiveScreenSize:0]]
[2020.04.04-22.14.08:443][  0]LogConfig: Applying CVar settings from Section [EffectsQuality@3] File [C:/Users/xaxxon/Documents/Unreal Projects/MyProject/Saved/Config/Windows/Scalability.ini]
[2020.04.04-22.14.08:443][  0]LogConfig: Setting CVar [[r.TranslucencyLightingVolumeDim:64]]
[2020.04.04-22.14.08:443][  0]LogConfig: Setting CVar [[r.RefractionQuality:2]]
[2020.04.04-22.14.08:443][  0]LogConfig: Setting CVar [[r.SSR.Quality:3]]
[2020.04.04-22.14.08:443][  0]LogConfig: Setting CVar [[r.SSR.HalfResSceneColor:0]]
[2020.04.04-22.14.08:443][  0]LogConfig: Setting CVar [[r.SceneColorFormat:4]]
[2020.04.04-22.14.08:443][  0]LogConfig: Setting CVar [[r.DetailMode:2]]
[2020.04.04-22.14.08:443][  0]LogConfig: Setting CVar [[r.TranslucencyVolumeBlur:1]]
[2020.04.04-22.14.08:443][  0]LogConfig: Setting CVar [[r.MaterialQualityLevel:1 ; High quality]]
[2020.04.04-22.14.08:443][  0]LogConfig: Setting CVar [[r.SSS.Scale:1]]
[2020.04.04-22.14.08:443][  0]LogConfig: Setting CVar [[r.SSS.SampleSet:2]]
[2020.04.04-22.14.08:443][  0]LogConfig: Setting CVar [[r.SSS.Quality:1]]
[2020.04.04-22.14.08:443][  0]LogConfig: Setting CVar [[r.SSS.HalfRes:1]]
[2020.04.04-22.14.08:443][  0]LogConfig: Setting CVar [[r.SSGI.Quality:3]]
[2020.04.04-22.14.08:443][  0]LogConfig: Setting CVar [[r.EmitterSpawnRateScale:1.0]]
[2020.04.04-22.14.08:443][  0]LogConfig: Setting CVar [[r.ParticleLightQuality:2]]
[2020.04.04-22.14.08:443][  0]LogConfig: Setting CVar [[r.SkyAtmosphere.AerialPerspectiveLUT.FastApplyOnOpaque:1 ; Always have FastSkyLUT 1 in this case to avoid wrong sky]]
[2020.04.04-22.14.08:443][  0]LogConfig: Setting CVar [[r.SkyAtmosphere.AerialPerspectiveLUT.SampleCountPerSlice:1]]
[2020.04.04-22.14.08:443][  0]LogConfig: Setting CVar [[r.SkyAtmosphere.AerialPerspectiveLUT.DepthResolution:16.0]]
[2020.04.04-22.14.08:443][  0]LogConfig: Setting CVar [[r.SkyAtmosphere.FastSkyLUT:1]]
[2020.04.04-22.14.08:443][  0]LogConfig: Setting CVar [[r.SkyAtmosphere.FastSkyLUT.SampleCountMin:4.0]]
[2020.04.04-22.14.08:443][  0]LogConfig: Setting CVar [[r.SkyAtmosphere.FastSkyLUT.SampleCountMax:32.0]]
[2020.04.04-22.14.08:443][  0]LogConfig: Setting CVar [[r.SkyAtmosphere.SampleCountMin:4.0]]
[2020.04.04-22.14.08:443][  0]LogConfig: Setting CVar [[r.SkyAtmosphere.SampleCountMax:32.0]]
[2020.04.04-22.14.08:443][  0]LogConfig: Setting CVar [[r.SkyAtmosphere.TransmittanceLUT.UseSmallFormat:0]]
[2020.04.04-22.14.08:443][  0]LogConfig: Setting CVar [[r.SkyAtmosphere.TransmittanceLUT.SampleCount:10.0]]
[2020.04.04-22.14.08:444][  0]LogConfig: Setting CVar [[r.SkyAtmosphere.MultiScatteringLUT.SampleCount:15.0]]
[2020.04.04-22.14.08:444][  0]LogConfig: Applying CVar settings from Section [FoliageQuality@3] File [C:/Users/xaxxon/Documents/Unreal Projects/MyProject/Saved/Config/Windows/Scalability.ini]
[2020.04.04-22.14.08:444][  0]LogConfig: Setting CVar [[foliage.DensityScale:1.0]]
[2020.04.04-22.14.08:444][  0]LogConfig: Setting CVar [[grass.DensityScale:1.0]]
[2020.04.04-22.14.08:444][  0]LogConfig: Applying CVar settings from Section [ShadingQuality@3] File [C:/Users/xaxxon/Documents/Unreal Projects/MyProject/Saved/Config/Windows/Scalability.ini]
[2020.04.04-22.14.08:444][  0]LogConfig: Setting CVar [[r.HairStrands.SkyLighting.SampleCount:16]]
[2020.04.04-22.14.08:444][  0]LogConfig: Setting CVar [[r.HairStrands.SkyLighting.JitterIntegration:0]]
[2020.04.04-22.14.08:444][  0]LogConfig: Setting CVar [[r.HairStrands.SkyAO.SampleCount:16]]
[2020.04.04-22.14.08:444][  0]LogInit: Selected Device Profile: [Windows]
[2020.04.04-22.14.08:444][  0]LogInit: Applying CVar settings loaded from the selected device profile: [Windows]
[2020.04.04-22.14.08:446][  0]LogHAL: Display: Platform has ~ 32 GB [34273046528 / 34359738368 / 32], which maps to Largest [LargestMinGB=32, LargerMinGB=12, DefaultMinGB=8, SmallerMinGB=6, SmallestMinGB=0)
[2020.04.04-22.14.08:446][  0]LogInit: Going up to parent DeviceProfile []
[2020.04.04-22.14.08:446][  0]LogConfig: Applying CVar settings from Section [ViewDistanceQuality@3] File [C:/Users/xaxxon/Documents/Unreal Projects/MyProject/Saved/Config/Windows/Scalability.ini]
[2020.04.04-22.14.08:446][  0]LogConfig: Setting CVar [[r.SkeletalMeshLODBias:0]]
[2020.04.04-22.14.08:446][  0]LogConfig: Setting CVar [[r.ViewDistanceScale:1.0]]
[2020.04.04-22.14.08:446][  0]LogConfig: Applying CVar settings from Section [AntiAliasingQuality@3] File [C:/Users/xaxxon/Documents/Unreal Projects/MyProject/Saved/Config/Windows/Scalability.ini]
[2020.04.04-22.14.08:446][  0]LogConfig: Setting CVar [[r.PostProcessAAQuality:4]]
[2020.04.04-22.14.08:446][  0]LogConfig: Applying CVar settings from Section [ShadowQuality@3] File [C:/Users/xaxxon/Documents/Unreal Projects/MyProject/Saved/Config/Windows/Scalability.ini]
[2020.04.04-22.14.08:446][  0]LogConfig: Setting CVar [[r.LightFunctionQuality:1]]
[2020.04.04-22.14.08:446][  0]LogConfig: Setting CVar [[r.ShadowQuality:5]]
[2020.04.04-22.14.08:446][  0]LogConfig: Setting CVar [[r.Shadow.CSM.MaxCascades:10]]
[2020.04.04-22.14.08:446][  0]LogConfig: Setting CVar [[r.Shadow.MaxResolution:2048]]
[2020.04.04-22.14.08:446][  0]LogConfig: Setting CVar [[r.Shadow.MaxCSMResolution:2048]]
[2020.04.04-22.14.08:446][  0]LogConfig: Setting CVar [[r.Shadow.RadiusThreshold:0.01]]
[2020.04.04-22.14.08:446][  0]LogConfig: Setting CVar [[r.Shadow.DistanceScale:1.0]]
[2020.04.04-22.14.08:446][  0]LogConfig: Setting CVar [[r.Shadow.CSM.TransitionScale:1.0]]
[2020.04.04-22.14.08:446][  0]LogConfig: Setting CVar [[r.Shadow.PreShadowResolutionFactor:1.0]]
[2020.04.04-22.14.08:446][  0]LogConfig: Setting CVar [[r.DistanceFieldShadowing:1]]
[2020.04.04-22.14.08:446][  0]LogConfig: Setting CVar [[r.DistanceFieldAO:1]]
[2020.04.04-22.14.08:446][  0]LogConfig: Setting CVar [[r.AOQuality:2]]
[2020.04.04-22.14.08:446][  0]LogConfig: Setting CVar [[r.VolumetricFog:1]]
[2020.04.04-22.14.08:446][  0]LogConfig: Setting CVar [[r.VolumetricFog.GridPixelSize:8]]
[2020.04.04-22.14.08:446][  0]LogConfig: Setting CVar [[r.VolumetricFog.GridSizeZ:128]]
[2020.04.04-22.14.08:446][  0]LogConfig: Setting CVar [[r.VolumetricFog.HistoryMissSupersampleCount:4]]
[2020.04.04-22.14.08:446][  0]LogConfig: Setting CVar [[r.LightMaxDrawDistanceScale:1]]
[2020.04.04-22.14.08:446][  0]LogConfig: Setting CVar [[r.CapsuleShadows:1]]
[2020.04.04-22.14.08:446][  0]LogConfig: Applying CVar settings from Section [PostProcessQuality@3] File [C:/Users/xaxxon/Documents/Unreal Projects/MyProject/Saved/Config/Windows/Scalability.ini]
[2020.04.04-22.14.08:446][  0]LogConfig: Setting CVar [[r.MotionBlurQuality:4]]
[2020.04.04-22.14.08:446][  0]LogConfig: Setting CVar [[r.AmbientOcclusionMipLevelFactor:0.4]]
[2020.04.04-22.14.08:446][  0]LogConfig: Setting CVar [[r.AmbientOcclusionMaxQuality:100]]
[2020.04.04-22.14.08:446][  0]LogConfig: Setting CVar [[r.AmbientOcclusionLevels:-1]]
[2020.04.04-22.14.08:446][  0]LogConfig: Setting CVar [[r.AmbientOcclusionRadiusScale:1.0]]
[2020.04.04-22.14.08:446][  0]LogConfig: Setting CVar [[r.DepthOfFieldQuality:2]]
[2020.04.04-22.14.08:446][  0]LogConfig: Setting CVar [[r.RenderTargetPoolMin:400]]
[2020.04.04-22.14.08:446][  0]LogConfig: Setting CVar [[r.LensFlareQuality:2]]
[2020.04.04-22.14.08:446][  0]LogConfig: Setting CVar [[r.SceneColorFringeQuality:1]]
[2020.04.04-22.14.08:446][  0]LogConfig: Setting CVar [[r.EyeAdaptationQuality:2]]
[2020.04.04-22.14.08:446][  0]LogConfig: Setting CVar [[r.BloomQuality:5]]
[2020.04.04-22.14.08:446][  0]LogConfig: Setting CVar [[r.FastBlurThreshold:100]]
[2020.04.04-22.14.08:446][  0]LogConfig: Setting CVar [[r.Upscale.Quality:3]]
[2020.04.04-22.14.08:446][  0]LogConfig: Setting CVar [[r.Tonemapper.GrainQuantization:1]]
[2020.04.04-22.14.08:446][  0]LogConfig: Setting CVar [[r.LightShaftQuality:1]]
[2020.04.04-22.14.08:446][  0]LogConfig: Setting CVar [[r.Filter.SizeScale:1]]
[2020.04.04-22.14.08:446][  0]LogConfig: Setting CVar [[r.Tonemapper.Quality:5]]
[2020.04.04-22.14.08:446][  0]LogConfig: Setting CVar [[r.DOF.Gather.AccumulatorQuality:1        ; higher gathering accumulator quality]]
[2020.04.04-22.14.08:446][  0]LogConfig: Setting CVar [[r.DOF.Gather.PostfilterMethod:1          ; Median3x3 postfilering method]]
[2020.04.04-22.14.08:446][  0]LogConfig: Setting CVar [[r.DOF.Gather.EnableBokehSettings:0       ; no bokeh simulation when gathering]]
[2020.04.04-22.14.08:446][  0]LogConfig: Setting CVar [[r.DOF.Gather.RingCount:4                 ; medium number of samples when gathering]]
[2020.04.04-22.14.08:446][  0]LogConfig: Setting CVar [[r.DOF.Scatter.ForegroundCompositing:1    ; additive foreground scattering]]
[2020.04.04-22.14.08:446][  0]LogConfig: Setting CVar [[r.DOF.Scatter.BackgroundCompositing:2    ; additive background scattering]]
[2020.04.04-22.14.08:446][  0]LogConfig: Setting CVar [[r.DOF.Scatter.EnableBokehSettings:1      ; bokeh simulation when scattering]]
[2020.04.04-22.14.08:446][  0]LogConfig: Setting CVar [[r.DOF.Scatter.MaxSpriteRatio:0.1         ; only a maximum of 10% of scattered bokeh]]
[2020.04.04-22.14.08:446][  0]LogConfig: Setting CVar [[r.DOF.Recombine.Quality:1                ; cheap slight out of focus]]
[2020.04.04-22.14.08:446][  0]LogConfig: Setting CVar [[r.DOF.Recombine.EnableBokehSettings:0    ; no bokeh simulation on slight out of focus]]
[2020.04.04-22.14.08:447][  0]LogConfig: Setting CVar [[r.DOF.TemporalAAQuality:1                ; more stable temporal accumulation]]
[2020.04.04-22.14.08:447][  0]LogConfig: Setting CVar [[r.DOF.Kernel.MaxForegroundRadius:0.025]]
[2020.04.04-22.14.08:447][  0]LogConfig: Setting CVar [[r.DOF.Kernel.MaxBackgroundRadius:0.025]]
[2020.04.04-22.14.08:447][  0]LogConfig: Applying CVar settings from Section [TextureQuality@3] File [C:/Users/xaxxon/Documents/Unreal Projects/MyProject/Saved/Config/Windows/Scalability.ini]
[2020.04.04-22.14.08:447][  0]LogConfig: Setting CVar [[r.Streaming.MipBias:0]]
[2020.04.04-22.14.08:447][  0]LogConfig: Setting CVar [[r.Streaming.AmortizeCPUToGPUCopy:0]]
[2020.04.04-22.14.08:447][  0]LogConfig: Setting CVar [[r.Streaming.MaxNumTexturesToStreamPerFrame:0]]
[2020.04.04-22.14.08:447][  0]LogConfig: Setting CVar [[r.Streaming.Boost:1]]
[2020.04.04-22.14.08:447][  0]LogConfig: Setting CVar [[r.MaxAnisotropy:8]]
[2020.04.04-22.14.08:447][  0]LogConfig: Setting CVar [[r.VT.MaxAnisotropy:8]]
[2020.04.04-22.14.08:447][  0]LogConfig: Setting CVar [[r.Streaming.LimitPoolSizeToVRAM:0]]
[2020.04.04-22.14.08:447][  0]LogConfig: Setting CVar [[r.Streaming.PoolSize:1000]]
[2020.04.04-22.14.08:447][  0]LogConfig: Setting CVar [[r.Streaming.MaxEffectiveScreenSize:0]]
[2020.04.04-22.14.08:447][  0]LogConfig: Applying CVar settings from Section [EffectsQuality@3] File [C:/Users/xaxxon/Documents/Unreal Projects/MyProject/Saved/Config/Windows/Scalability.ini]
[2020.04.04-22.14.08:447][  0]LogConfig: Setting CVar [[r.TranslucencyLightingVolumeDim:64]]
[2020.04.04-22.14.08:447][  0]LogConfig: Setting CVar [[r.RefractionQuality:2]]
[2020.04.04-22.14.08:447][  0]LogConfig: Setting CVar [[r.SSR.Quality:3]]
[2020.04.04-22.14.08:447][  0]LogConfig: Setting CVar [[r.SSR.HalfResSceneColor:0]]
[2020.04.04-22.14.08:447][  0]LogConfig: Setting CVar [[r.SceneColorFormat:4]]
[2020.04.04-22.14.08:447][  0]LogConfig: Setting CVar [[r.DetailMode:2]]
[2020.04.04-22.14.08:447][  0]LogConfig: Setting CVar [[r.TranslucencyVolumeBlur:1]]
[2020.04.04-22.14.08:447][  0]LogConfig: Setting CVar [[r.MaterialQualityLevel:1 ; High quality]]
[2020.04.04-22.14.08:447][  0]LogConfig: Setting CVar [[r.SSS.Scale:1]]
[2020.04.04-22.14.08:447][  0]LogConfig: Setting CVar [[r.SSS.SampleSet:2]]
[2020.04.04-22.14.08:447][  0]LogConfig: Setting CVar [[r.SSS.Quality:1]]
[2020.04.04-22.14.08:447][  0]LogConfig: Setting CVar [[r.SSS.HalfRes:1]]
[2020.04.04-22.14.08:447][  0]LogConfig: Setting CVar [[r.SSGI.Quality:3]]
[2020.04.04-22.14.08:447][  0]LogConfig: Setting CVar [[r.EmitterSpawnRateScale:1.0]]
[2020.04.04-22.14.08:447][  0]LogConfig: Setting CVar [[r.ParticleLightQuality:2]]
[2020.04.04-22.14.08:447][  0]LogConfig: Setting CVar [[r.SkyAtmosphere.AerialPerspectiveLUT.FastApplyOnOpaque:1 ; Always have FastSkyLUT 1 in this case to avoid wrong sky]]
[2020.04.04-22.14.08:447][  0]LogConfig: Setting CVar [[r.SkyAtmosphere.AerialPerspectiveLUT.SampleCountPerSlice:1]]
[2020.04.04-22.14.08:447][  0]LogConfig: Setting CVar [[r.SkyAtmosphere.AerialPerspectiveLUT.DepthResolution:16.0]]
[2020.04.04-22.14.08:447][  0]LogConfig: Setting CVar [[r.SkyAtmosphere.FastSkyLUT:1]]
[2020.04.04-22.14.08:447][  0]LogConfig: Setting CVar [[r.SkyAtmosphere.FastSkyLUT.SampleCountMin:4.0]]
[2020.04.04-22.14.08:447][  0]LogConfig: Setting CVar [[r.SkyAtmosphere.FastSkyLUT.SampleCountMax:32.0]]
[2020.04.04-22.14.08:447][  0]LogConfig: Setting CVar [[r.SkyAtmosphere.SampleCountMin:4.0]]
[2020.04.04-22.14.08:447][  0]LogConfig: Setting CVar [[r.SkyAtmosphere.SampleCountMax:32.0]]
[2020.04.04-22.14.08:447][  0]LogConfig: Setting CVar [[r.SkyAtmosphere.TransmittanceLUT.UseSmallFormat:0]]
[2020.04.04-22.14.08:447][  0]LogConfig: Setting CVar [[r.SkyAtmosphere.TransmittanceLUT.SampleCount:10.0]]
[2020.04.04-22.14.08:447][  0]LogConfig: Setting CVar [[r.SkyAtmosphere.MultiScatteringLUT.SampleCount:15.0]]
[2020.04.04-22.14.08:447][  0]LogConfig: Applying CVar settings from Section [FoliageQuality@3] File [C:/Users/xaxxon/Documents/Unreal Projects/MyProject/Saved/Config/Windows/Scalability.ini]
[2020.04.04-22.14.08:447][  0]LogConfig: Setting CVar [[foliage.DensityScale:1.0]]
[2020.04.04-22.14.08:447][  0]LogConfig: Setting CVar [[grass.DensityScale:1.0]]
[2020.04.04-22.14.08:447][  0]LogConfig: Applying CVar settings from Section [ShadingQuality@3] File [C:/Users/xaxxon/Documents/Unreal Projects/MyProject/Saved/Config/Windows/Scalability.ini]
[2020.04.04-22.14.08:447][  0]LogConfig: Setting CVar [[r.HairStrands.SkyLighting.SampleCount:16]]
[2020.04.04-22.14.08:447][  0]LogConfig: Setting CVar [[r.HairStrands.SkyLighting.JitterIntegration:0]]
[2020.04.04-22.14.08:447][  0]LogConfig: Setting CVar [[r.HairStrands.SkyAO.SampleCount:16]]
[2020.04.04-22.14.08:447][  0]LogConfig: Applying CVar settings from Section [Startup] File [../../../Engine/Config/ConsoleVariables.ini]
[2020.04.04-22.14.08:447][  0]LogConfig: Setting CVar [[net.UseAdaptiveNetUpdateFrequency:0]]
[2020.04.04-22.14.08:447][  0]LogConfig: Setting CVar [[p.chaos.AllowCreatePhysxBodies:1]]
[2020.04.04-22.14.08:447][  0]LogConfig: Applying CVar settings from Section [ConsoleVariables] File [C:/Users/xaxxon/Documents/Unreal Projects/MyProject/Saved/Config/Windows/Engine.ini]
[2020.04.04-22.14.08:447][  0]LogInit: Computer: XAXXON
[2020.04.04-22.14.08:447][  0]LogInit: User: xaxxon
[2020.04.04-22.14.08:447][  0]LogInit: CPU Page size=4096, Cores=16
[2020.04.04-22.14.08:447][  0]LogInit: High frequency timer resolution =10.000000 MHz
[2020.04.04-22.14.08:447][  0]LogMemory: Memory total: Physical=31.9GB (32GB approx)
[2020.04.04-22.14.08:447][  0]LogMemory: Platform Memory Stats for Windows
[2020.04.04-22.14.08:447][  0]LogMemory: Process Physical Memory: 111.93 MB used, 111.93 MB peak
[2020.04.04-22.14.08:447][  0]LogMemory: Process Virtual Memory: 109.36 MB used, 109.36 MB peak
[2020.04.04-22.14.08:448][  0]LogMemory: Physical Memory: 16444.28 MB used,  16241.04 MB free, 32685.32 MB total
[2020.04.04-22.14.08:448][  0]LogMemory: Virtual Memory: 5287.16 MB used,  134212440.00 MB free, 134217728.00 MB total
[2020.04.04-22.14.08:450][  0]LogWindows: WindowsPlatformFeatures enabled
[2020.04.04-22.14.08:463][  0]LogInit: Using OS detected language (en-US).
[2020.04.04-22.14.08:463][  0]LogInit: Using OS detected locale (en-US).
[2020.04.04-22.14.08:464][  0]LogTextLocalizationManager: No specific localization for 'en-US' exists, so the 'en' localization will be used.
[2020.04.04-22.14.08:621][  0]LogSlate: New Slate User Created.  User Index 0, Is Virtual User: 0
[2020.04.04-22.14.08:621][  0]LogSlate: Slate User Registered.  User Index 0, Is Virtual User: 0
[2020.04.04-22.14.08:630][  0]LogD3D12RHI: Aftermath initialized
[2020.04.04-22.14.08:630][  0]LogD3D12RHI: Loading WinPixEventRuntime.dll for PIX profiling (from ../../../Engine/Binaries/ThirdParty/Windows/DirectX/x64).
[2020.04.04-22.14.08:723][  0]LogHMD: Failed to initialize OpenVR with code 126
[2020.04.04-22.14.08:822][  0]LogD3D12RHI: Found D3D12 adapter 0: NVIDIA GeForce RTX 2070 (Max supported Feature Level 12_1)
[2020.04.04-22.14.08:822][  0]LogD3D12RHI: Adapter has 8031MB of dedicated video memory, 0MB of dedicated system memory, and 16342MB of shared system memory, 2 output[s]
[2020.04.04-22.14.08:914][  0]LogD3D12RHI: Found D3D12 adapter 1: NVIDIA GeForce GTX 980 Ti (Max supported Feature Level 12_1)
[2020.04.04-22.14.08:914][  0]LogD3D12RHI: Adapter has 6097MB of dedicated video memory, 0MB of dedicated system memory, and 16342MB of shared system memory, 0 output[s]
[2020.04.04-22.14.08:925][  0]LogD3D12RHI: Found D3D12 adapter 2: Microsoft Basic Render Driver (Max supported Feature Level 12_1)
[2020.04.04-22.14.08:925][  0]LogD3D12RHI: Adapter has 0MB of dedicated video memory, 0MB of dedicated system memory, and 16342MB of shared system memory, 0 output[s]
[2020.04.04-22.14.08:925][  0]LogD3D12RHI: Forcing D3D12.AsyncDeferredDeletion=0 as a workaround for a deadlock.
[2020.04.04-22.14.08:925][  0]LogD3D12RHI: Chosen D3D12 Adapter Id = 0
[2020.04.04-22.14.09:013][  0]LogD3D12RHI: Emitting draw events for PIX profiling.
[2020.04.04-22.14.09:149][  0]LogD3D12RHI: D3D12 ray tracing enabled.
[2020.04.04-22.14.09:149][  0]LogD3D12RHI: The system supports ID3D12Device1.
[2020.04.04-22.14.09:149][  0]LogD3D12RHI: The system supports ID3D12Device2.
[2020.04.04-22.14.09:244][  0]LogD3D12RHI: Display: Not using pipeline state disk cache per r.D3D12.PSO.DiskCache=0
[2020.04.04-22.14.09:244][  0]LogD3D12RHI: Display: Not using driver-optimized pipeline state disk cache per r.D3D12.PSO.DriverOptimizedDiskCache=0
[2020.04.04-22.14.09:245][  0]LogD3D12RHI:     GPU DeviceId: 0x1f07 (for the marketing name, search the web for "GPU Device Id")
[2020.04.04-22.14.09:246][  0]LogWindows: EnumDisplayDevices:
[2020.04.04-22.14.09:246][  0]LogWindows:    0. 'NVIDIA GeForce RTX 2070' (P:1 D:1)
[2020.04.04-22.14.09:246][  0]LogWindows:    1. 'NVIDIA GeForce RTX 2070' (P:0 D:1)
[2020.04.04-22.14.09:246][  0]LogWindows:    2. 'NVIDIA GeForce RTX 2070' (P:0 D:0)
[2020.04.04-22.14.09:246][  0]LogWindows:    3. 'NVIDIA GeForce RTX 2070' (P:0 D:0)
[2020.04.04-22.14.09:246][  0]LogWindows:    4. 'NVIDIA GeForce GTX 980 Ti' (P:0 D:0)
[2020.04.04-22.14.09:246][  0]LogWindows:    5. 'NVIDIA GeForce GTX 980 Ti' (P:0 D:0)
[2020.04.04-22.14.09:247][  0]LogWindows:    6. 'NVIDIA GeForce GTX 980 Ti' (P:0 D:0)
[2020.04.04-22.14.09:247][  0]LogWindows:    7. 'NVIDIA GeForce GTX 980 Ti' (P:0 D:0)
[2020.04.04-22.14.09:247][  0]LogWindows: DebugString: PrimaryIsNotTheChoosenAdapter PrimaryIsNotTheChoosenAdapter PrimaryIsNotTheChoosenAdapter PrimaryIsNotTheChoosenAdapter FoundDriverCount:4 
[2020.04.04-22.14.09:247][  0]LogD3D12RHI:     Adapter Name: NVIDIA GeForce RTX 2070
[2020.04.04-22.14.09:247][  0]LogD3D12RHI:   Driver Version: 442.59 (internal:26.21.14.4259, unified:442.59)
[2020.04.04-22.14.09:247][  0]LogD3D12RHI:      Driver Date: 3-4-2020
[2020.04.04-22.14.09:247][  0]LogRHI: Texture pool is 4300 MB (70% of 6143 MB)
[2020.04.04-22.14.09:247][  0]LogD3D12RHI: Async texture creation enabled
[2020.04.04-22.14.09:247][  0]LogD3D12RHI: RHI has support for 64 bit atomics
[2020.04.04-22.14.09:468][  0]LogTargetPlatformManager: Display: Loaded TargetPlatform 'WindowsNoEditor'
[2020.04.04-22.14.09:470][  0]LogTargetPlatformManager: Display: Loaded TargetPlatform 'Windows'
[2020.04.04-22.14.09:476][  0]LogTargetPlatformManager: Display: Loaded TargetPlatform 'WindowsClient'
[2020.04.04-22.14.09:482][  0]LogTargetPlatformManager: Display: Loaded TargetPlatform 'WindowsServer'
[2020.04.04-22.14.09:482][  0]LogTargetPlatformManager: Display: Building Assets For Windows
[2020.04.04-22.14.09:484][  0]LogAudioDebug: Display: Lib vorbis DLL was dynamically loaded.
[2020.04.04-22.14.09:501][  0]LogShaderCompilers: Guid format shader working directory is -14 characters bigger than the processId version (../../../../Users/xaxxon/Documents/Unreal Projects/MyProject/Intermediate/Shaders/WorkingDirectory/77220/).
[2020.04.04-22.14.09:501][  0]LogShaderCompilers: Cleaned the shader compiler working directory 'C:/Users/xaxxon/AppData/Local/Temp/UnrealShaderWorkingDir/BBAF283B43EAF978F789308F6B33BB3A/'.
[2020.04.04-22.14.09:501][  0]LogXGEController: Cannot use XGE Controller as Incredibuild is not installed on this machine.
[2020.04.04-22.14.09:502][  0]LogShaderCompilers: Cannot use XGE Shader Compiler as Incredibuild is not installed on this machine.
[2020.04.04-22.14.09:502][  0]LogShaderCompilers: Display: Using Local Shader Compiler.
[2020.04.04-22.14.10:130][  0]LogDerivedDataCache: Display: Max Cache Size: 512 MB
[2020.04.04-22.14.10:215][  0]LogDerivedDataCache: Loaded boot cache 0.08s 115MB C:/Users/xaxxon/AppData/Local/UnrealEngine/4.24/DerivedDataCache/Boot.ddc.
[2020.04.04-22.14.10:215][  0]LogDerivedDataCache: Display: Loaded Boot cache: C:/Users/xaxxon/AppData/Local/UnrealEngine/4.24/DerivedDataCache/Boot.ddc
[2020.04.04-22.14.10:215][  0]LogDerivedDataCache: FDerivedDataBackendGraph:  Pak pak cache file ../../../../Users/xaxxon/Documents/Unreal Projects/MyProject/DerivedDataCache/DDC.ddp not found, will not use a pak cache.
[2020.04.04-22.14.10:215][  0]LogDerivedDataCache: Unable to find inner node Pak for hierarchical cache Hierarchy.
[2020.04.04-22.14.10:215][  0]LogDerivedDataCache: FDerivedDataBackendGraph:  CompressedPak pak cache file ../../../../Users/xaxxon/Documents/Unreal Projects/MyProject/DerivedDataCache/Compressed.ddp not found, will not use a pak cache.
[2020.04.04-22.14.10:215][  0]LogDerivedDataCache: Unable to find inner node CompressedPak for hierarchical cache Hierarchy.
[2020.04.04-22.14.10:225][  0]LogDerivedDataCache: Display: Pak cache opened for reading ../../../Engine/DerivedDataCache/Compressed.ddp.
[2020.04.04-22.14.10:225][  0]LogDerivedDataCache: FDerivedDataBackendGraph:  EnterprisePak pak cache file ../../../Enterprise/DerivedDataCache/Compressed.ddp not found, will not use a pak cache.
[2020.04.04-22.14.10:225][  0]LogDerivedDataCache: Unable to find inner node EnterprisePak for hierarchical cache Hierarchy.
[2020.04.04-22.14.10:226][  0]LogDerivedDataCache: Using Local data cache path C:/Users/xaxxon/AppData/Local/UnrealEngine/Common/DerivedDataCache: Writable
[2020.04.04-22.14.10:226][  0]LogDerivedDataCache: Shared data cache path not found in *engine.ini, will not use an Shared cache.
[2020.04.04-22.14.10:226][  0]LogDerivedDataCache: Unable to find inner node Shared for hierarchical cache Hierarchy.
[2020.04.04-22.14.10:257][  0]LogMaterial: Verifying Global Shaders for PCD3D_SM5
[2020.04.04-22.14.10:259][  0]LogSlate: Using FreeType 2.10.0
[2020.04.04-22.14.10:260][  0]LogSlate: SlateFontServices - WITH_FREETYPE: 1, WITH_HARFBUZZ: 1
[2020.04.04-22.14.10:362][  0]LogInit: Using OS detected language (en-US).
[2020.04.04-22.14.10:362][  0]LogInit: Using OS detected locale (en-US).
[2020.04.04-22.14.10:362][  0]LogTextLocalizationManager: No localization for 'en-US' exists, so 'en' will be used for the language.
[2020.04.04-22.14.10:362][  0]LogTextLocalizationManager: No localization for 'en-US' exists, so 'en' will be used for the locale.
[2020.04.04-22.14.10:362][  0]LogSlate: FontCache flush requested. Reason: Culture for localization was changed
[2020.04.04-22.14.10:362][  0]LogSlate: FontCache flush requested. Reason: Culture for localization was changed
[2020.04.04-22.14.10:364][  0]LogTextLocalizationManager: Compacting localization data took   0.00ms
[2020.04.04-22.14.10:366][  0]LogAssetRegistry: FAssetRegistry took 0.0016 seconds to start up
[2020.04.04-22.14.10:564][  0]LogPackageLocalizationCache: Processed 10 localized package path(s) for 1 prioritized culture(s) in 0.000429 seconds
[2020.04.04-22.14.10:610][  0]LogInit: Selected Device Profile: [Windows]
[2020.04.04-22.14.10:710][  0]LogMeshReduction: Using QuadricMeshReduction for automatic static mesh reduction
[2020.04.04-22.14.10:710][  0]LogMeshReduction: Using SimplygonMeshReduction for automatic skeletal mesh reduction
[2020.04.04-22.14.10:710][  0]LogMeshReduction: Using ProxyLODMeshReduction for automatic mesh merging
[2020.04.04-22.14.10:710][  0]LogMeshReduction: No distributed automatic mesh merging module available
[2020.04.04-22.14.10:710][  0]LogMeshMerging: No distributed automatic mesh merging module available
[2020.04.04-22.14.10:746][  0]LogNetVersion: MyProject 1.0.0, NetCL: 10570792, EngineNetVer: 13, GameNetVer: 0 (Checksum: 2318771507)
[2020.04.04-22.14.11:106][  0]LogMoviePlayer: Initializing movie player
[2020.04.04-22.14.11:175][  0]LogD3D12RHI: Creating RTPSO with 3 shaders (0 cached, 3 new) took 22.61 ms. Compile time 13.66 ms, link time 8.79 ms.
[2020.04.04-22.14.11:188][  0]LogD3D12RHI: Creating RTPSO with 3 shaders (1 cached, 2 new) took 12.78 ms. Compile time 11.71 ms, link time 1.06 ms.
[2020.04.04-22.14.11:224][  0]LogTcpMessaging: Initializing TcpMessaging bridge
[2020.04.04-22.14.11:226][  0]LogUdpMessaging: Initializing bridge on interface 0.0.0.0:0 to multicast group 230.0.0.1:6666.
[2020.04.04-22.14.11:244][  0]SourceControl: Source control is disabled
[2020.04.04-22.14.11:244][  0]SourceControl: Source control is disabled
[2020.04.04-22.14.11:244][  0]SourceControl: Source control is disabled
[2020.04.04-22.14.11:264][  0]LogAndroidPermission: UAndroidPermissionCallbackProxy::GetInstance
[2020.04.04-22.14.11:268][  0]LogAudioCaptureCore: Display: No Audio Capture implementations found. Audio input will be silent.
[2020.04.04-22.14.11:268][  0]LogAudioCaptureCore: Display: No Audio Capture implementations found. Audio input will be silent.
[2020.04.04-22.14.11:308][  0]LogOcInput: OculusInput pre-init called
[2020.04.04-22.14.11:317][  0]LogUObjectArray: 52645 objects as part of root set at end of initial load.
[2020.04.04-22.14.11:317][  0]LogUObjectAllocator: 9318280 out of 0 bytes used by permanent object pool.
[2020.04.04-22.14.11:317][  0]LogUObjectArray: CloseDisregardForGC: 0/0 objects in disregard for GC pool
[2020.04.04-22.14.11:362][  0]LogEngine: Initializing Engine...
[2020.04.04-22.14.11:428][  0]LogHMD: Failed to initialize OpenVR with code 126
[2020.04.04-22.14.11:429][  0]LogStats: UGameplayTagsManager::InitializeManager -  0.000 s
[2020.04.04-22.14.11:581][  0]LogInit: Initializing FReadOnlyCVARCache
[2020.04.04-22.14.11:582][  0]LogAudioMixer: Display: Audio Mixer Platform Settings:
[2020.04.04-22.14.11:582][  0]LogAudioMixer: Display: 	Sample Rate:						  48000
[2020.04.04-22.14.11:582][  0]LogAudioMixer: Display: 	Callback Buffer Frame Size Requested: 1024
[2020.04.04-22.14.11:582][  0]LogAudioMixer: Display: 	Callback Buffer Frame Size To Use:	  1024
[2020.04.04-22.14.11:582][  0]LogAudioMixer: Display: 	Number of buffers to queue:			  2
[2020.04.04-22.14.11:582][  0]LogAudioMixer: Display: 	Max Channels (voices):				  32
[2020.04.04-22.14.11:582][  0]LogAudioMixer: Display: 	Number of Async Source Workers:		  0
[2020.04.04-22.14.11:582][  0]LogAudio: Display: AudioDevice MaxSources: 32
[2020.04.04-22.14.11:582][  0]LogAudio: Display: Using built-in audio occlusion.
[2020.04.04-22.14.11:582][  0]LogAudioMixer: Display: Initializing audio mixer.
[2020.04.04-22.14.11:645][  0]LogAudioMixer: Display: Audio Device Output Speaker Info:
[2020.04.04-22.14.11:645][  0]LogAudioMixer: Display: Name: Speakers (HyperX Cloud Revolver S)
[2020.04.04-22.14.11:645][  0]LogAudioMixer: Display: Is Default: Yes
[2020.04.04-22.14.11:645][  0]LogAudioMixer: Display: Sample Rate: 48000
[2020.04.04-22.14.11:645][  0]LogAudioMixer: Display: Channel Count Used: 2
[2020.04.04-22.14.11:645][  0]LogAudioMixer: Display: Device Channel Count: 2
[2020.04.04-22.14.11:645][  0]LogAudioMixer: Display: Channel Order:
[2020.04.04-22.14.11:645][  0]LogAudioMixer: Display: 0: FrontLeft
[2020.04.04-22.14.11:645][  0]LogAudioMixer: Display: 1: FrontRight
[2020.04.04-22.14.11:669][  0]LogAudioMixer: Display: Using Audio Device Speakers (HyperX Cloud Revolver S)
[2020.04.04-22.14.11:675][  0]LogInit: FAudioDevice initialized.
[2020.04.04-22.14.11:676][  0]LogNetVersion: Set ProjectVersion to 1.0.0.0. Version Checksum will be recalculated on next use.
[2020.04.04-22.14.11:678][  0]LogInit: Texture streaming: Enabled
[2020.04.04-22.14.11:885][  0]LogSlate: Updating window title bar state: overlay mode, drag disabled, window buttons hidden, title bar hidden
[2020.04.04-22.14.11:885][  0]LogInit: Display: Game Engine Initialized.
[2020.04.04-22.14.11:895][  0]LogInit: Display: Starting Game.
[2020.04.04-22.14.11:895][  0]LogNet: Browse: /Game/FirstPersonBP/Maps/FirstPersonExampleMap?Name=Player
[2020.04.04-22.14.11:896][  0]LogLoad: LoadMap: /Game/FirstPersonBP/Maps/FirstPersonExampleMap?Name=Player
[2020.04.04-22.14.11:896][  0]LogWorld: BeginTearingDown for /Temp/Untitled_0
[2020.04.04-22.14.11:896][  0]LogWorld: UWorld::CleanupWorld for Untitled, bSessionEnded=true, bCleanupResources=true
[2020.04.04-22.14.11:897][  0]LogSlate: InvalidateAllWidgets triggered.  All widgets were invalidated
[2020.04.04-22.14.11:926][  0]LogAudioMixer: Display: No commands were queued while flushing the source manager.
[2020.04.04-22.14.11:928][  0]LogUObjectHash: Compacting FUObjectHashTables data took   1.59ms
[2020.04.04-22.14.12:358][  0]LogAIModule: Creating AISystem for world FirstPersonExampleMap
[2020.04.04-22.14.12:358][  0]LogLoad: Game class is 'FirstPersonGameMode_C'
[2020.04.04-22.14.12:362][  0]LogWorld: Bringing World /Game/FirstPersonBP/Maps/FirstPersonExampleMap.FirstPersonExampleMap up for play (max tick rate 0) at 2020.04.04-15.14.12
[2020.04.04-22.14.12:363][  0]LogWorld: Bringing up level for play took: 0.004585
[2020.04.04-22.14.12:365][  0]LogLoad: Took 0.468585 seconds to LoadMap(/Game/FirstPersonBP/Maps/FirstPersonExampleMap)
[2020.04.04-22.14.12:433][  0]LogRenderer: Reallocating scene render targets to support 1280x720 Format 10 NumSamples 1 (Frame:1).
[2020.04.04-22.14.12:433][  0]LogLoad: (Engine Initialization) Total time: 5.42 seconds
[2020.04.04-22.14.12:433][  0]LogLoad: (Engine Initialization) Total Blueprint compile time: 0.00 seconds
[2020.04.04-22.14.12:773][  0]LogD3D12RHI: Creating RTPSO with 3 shaders (3 cached, 0 new) took 17.46 ms. Compile time 2.63 ms, link time 14.78 ms.
[2020.04.04-22.14.12:841][  0]LogD3D12RHI: Creating RTPSO with 3 shaders (0 cached, 3 new) took 69.65 ms. Compile time 60.23 ms, link time 9.36 ms.
[2020.04.04-22.14.14:613][  0]LogD3D12RHI: Creating RTPSO with 88 shaders (0 cached, 88 new) took 2164.53 ms. Compile time 2160.91 ms, link time 3.51 ms.
[2020.04.04-22.14.14:803][  0]LogContentStreaming: Texture pool size now 1000 MB
[2020.04.04-22.14.14:807][  0]LogSlate: InvalidateAllWidgets triggered.  All widgets were invalidated
[2020.04.04-22.14.14:855][  0]LogRenderer: Reallocating scene render targets to support 128x128 Format 10 NumSamples 1 (Frame:1).
[2020.04.04-22.14.14:903][  0]LogRenderer: Reallocating scene render targets to support 1280x720 Format 10 NumSamples 1 (Frame:2).
[2020.04.04-22.14.14:997][  4]LogD3D12RHI: Creating RTPSO with 90 shaders (89 cached, 1 new) took 51.98 ms. Compile time 48.39 ms, link time 3.47 ms.
[2020.04.04-22.14.15:263][ 32]LogD3D12RHI: Warning: Descriptor cache ran out of sub allocated descriptor blocks! Moving to Context local View heap strategy
[2020.04.04-22.14.15:263][ 32]LogD3D12RHI: Warning: This should only happen in the Editor where it doesn't matter as much. If it happens in game you should increase the device global heap size!
[2020.04.04-22.14.18:531][637]LogBlueprintUserMessages: [BadGuyCharacter_2] Got you
[2020.04.04-22.14.18:531][637]LogSlate: Took 0.000191 seconds to synchronously load lazily loaded font '../../../Engine/Content/Slate/Fonts/Roboto-Regular.ttf' (155K)
[2020.04.04-22.14.18:830][688]LogBlueprintUserMessages: [BadGuyCharacter_2] Got you
[2020.04.04-22.14.19:165][737]LogBlueprintUserMessages: [BadGuyCharacter_2] Got you
[2020.04.04-22.14.19:470][793]LogBlueprintUserMessages: [BadGuyCharacter_2] Got you
[2020.04.04-22.14.19:772][847]LogBlueprintUserMessages: [BadGuyCharacter_2] Got you
[2020.04.04-22.14.20:079][903]LogBlueprintUserMessages: [BadGuyCharacter_2] Got you
[2020.04.04-22.14.20:387][959]LogBlueprintUserMessages: [BadGuyCharacter_2] Got you
[2020.04.04-22.14.20:690][ 14]LogBlueprintUserMessages: [BadGuyCharacter_2] Got you
[2020.04.04-22.14.20:994][ 68]LogBlueprintUserMessages: [BadGuyCharacter_2] Got you
[2020.04.04-22.14.21:297][122]LogBlueprintUserMessages: [BadGuyCharacter_2] Got you
[2020.04.04-22.14.21:606][177]LogBlueprintUserMessages: [BadGuyCharacter_2] Got you
[2020.04.04-22.14.21:908][231]LogBlueprintUserMessages: [BadGuyCharacter_2] Got you
[2020.04.04-22.14.22:212][285]LogBlueprintUserMessages: [BadGuyCharacter_2] Got you
[2020.04.04-22.14.22:517][341]LogBlueprintUserMessages: [BadGuyCharacter_2] Got you
[2020.04.04-22.14.22:595][356]LogD3D12RHI: Warning: OnlineHeap RollOver Detected. Increase the heap size to prevent creation of additional heaps
[2020.04.04-22.14.22:823][394]LogBlueprintUserMessages: [BadGuyCharacter_2] Got you
[2020.04.04-22.14.23:129][450]LogBlueprintUserMessages: [BadGuyCharacter_2] Got you
[2020.04.04-22.14.23:436][506]LogBlueprintUserMessages: [BadGuyCharacter_2] Got you
[2020.04.04-22.14.23:742][561]LogBlueprintUserMessages: [BadGuyCharacter_2] Got you
[2020.04.04-22.14.24:047][617]LogBlueprintUserMessages: [BadGuyCharacter_2] Got you
[2020.04.04-22.14.24:252][648]LogD3D12RHI: Creating RTPSO with 91 shaders (90 cached, 1 new) took 45.66 ms. Compile time 41.70 ms, link time 3.84 ms.
[2020.04.04-22.14.24:357][667]LogBlueprintUserMessages: [BadGuyCharacter_2] Got you
[2020.04.04-22.14.24:662][724]LogBlueprintUserMessages: [BadGuyCharacter_2] Got you
[2020.04.04-22.14.24:864][761]LogBlueprintUserMessages: [BadGuyCharacter_C_0] Got you
[2020.04.04-22.14.24:967][780]LogBlueprintUserMessages: [BadGuyCharacter_2] Got you
[2020.04.04-22.14.25:165][816]LogBlueprintUserMessages: [BadGuyCharacter_C_0] Got you
[2020.04.04-22.14.25:275][836]LogBlueprintUserMessages: [BadGuyCharacter_2] Got you
[2020.04.04-22.14.25:473][872]LogBlueprintUserMessages: [BadGuyCharacter_C_0] Got you
[2020.04.04-22.14.25:579][891]LogBlueprintUserMessages: [BadGuyCharacter_2] Got you
[2020.04.04-22.14.25:779][927]LogBlueprintUserMessages: [BadGuyCharacter_C_0] Got you
[2020.04.04-22.14.25:882][946]LogBlueprintUserMessages: [BadGuyCharacter_2] Got you
[2020.04.04-22.14.26:080][981]LogBlueprintUserMessages: [BadGuyCharacter_C_0] Got you
[2020.04.04-22.14.26:189][  1]LogBlueprintUserMessages: [BadGuyCharacter_2] Got you
[2020.04.04-22.14.26:389][ 37]LogBlueprintUserMessages: [BadGuyCharacter_C_0] Got you
[2020.04.04-22.14.26:498][ 57]LogBlueprintUserMessages: [BadGuyCharacter_2] Got you
[2020.04.04-22.14.26:694][ 92]LogBlueprintUserMessages: [BadGuyCharacter_C_0] Got you
[2020.04.04-22.14.26:800][111]LogBlueprintUserMessages: [BadGuyCharacter_2] Got you
[2020.04.04-22.14.26:996][146]LogBlueprintUserMessages: [BadGuyCharacter_C_0] Got you
[2020.04.04-22.14.27:105][166]LogBlueprintUserMessages: [BadGuyCharacter_2] Got you
[2020.04.04-22.14.27:300][201]LogBlueprintUserMessages: [BadGuyCharacter_C_0] Got you
[2020.04.04-22.14.27:409][221]LogBlueprintUserMessages: [BadGuyCharacter_2] Got you
[2020.04.04-22.14.27:606][257]LogBlueprintUserMessages: [BadGuyCharacter_C_0] Got you
[2020.04.04-22.14.27:715][277]LogBlueprintUserMessages: [BadGuyCharacter_2] Got you
[2020.04.04-22.14.27:912][313]LogBlueprintUserMessages: [BadGuyCharacter_C_0] Got you
[2020.04.04-22.14.28:020][332]LogBlueprintUserMessages: [BadGuyCharacter_2] Got you
[2020.04.04-22.14.28:218][368]LogBlueprintUserMessages: [BadGuyCharacter_C_0] Got you
[2020.04.04-22.14.28:327][388]LogBlueprintUserMessages: [BadGuyCharacter_2] Got you
[2020.04.04-22.14.28:524][424]LogBlueprintUserMessages: [BadGuyCharacter_C_0] Got you
[2020.04.04-22.14.28:636][444]LogBlueprintUserMessages: [BadGuyCharacter_2] Got you
[2020.04.04-22.14.28:827][478]LogBlueprintUserMessages: [BadGuyCharacter_C_0] Got you
[2020.04.04-22.14.28:941][498]LogBlueprintUserMessages: [BadGuyCharacter_2] Got you
[2020.04.04-22.14.29:130][531]LogBlueprintUserMessages: [BadGuyCharacter_C_0] Got you
[2020.04.04-22.14.29:244][551]LogBlueprintUserMessages: [BadGuyCharacter_2] Got you
[2020.04.04-22.14.29:432][584]LogBlueprintUserMessages: [BadGuyCharacter_C_0] Got you
[2020.04.04-22.14.29:546][604]LogBlueprintUserMessages: [BadGuyCharacter_2] Got you
[2020.04.04-22.14.29:740][639]LogBlueprintUserMessages: [BadGuyCharacter_C_0] Got you
[2020.04.04-22.14.29:856][660]LogBlueprintUserMessages: [BadGuyCharacter_2] Got you
[2020.04.04-22.14.30:042][693]LogBlueprintUserMessages: [BadGuyCharacter_C_0] Got you
[2020.04.04-22.14.30:160][714]LogBlueprintUserMessages: [BadGuyCharacter_2] Got you
[2020.04.04-22.14.30:348][747]LogBlueprintUserMessages: [BadGuyCharacter_C_0] Got you
[2020.04.04-22.14.30:466][768]LogBlueprintUserMessages: [BadGuyCharacter_2] Got you
[2020.04.04-22.14.30:650][801]LogBlueprintUserMessages: [BadGuyCharacter_C_0] Got you
[2020.04.04-22.14.30:771][823]LogBlueprintUserMessages: [BadGuyCharacter_2] Got you
[2020.04.04-22.14.30:864][840]LogBlueprintUserMessages: [BadGuyCharacter_C_1] moveto failed
[2020.04.04-22.14.30:958][857]LogBlueprintUserMessages: [BadGuyCharacter_C_0] Got you
[2020.04.04-22.14.31:079][879]LogBlueprintUserMessages: [BadGuyCharacter_2] Got you
[2020.04.04-22.14.31:261][911]LogBlueprintUserMessages: [BadGuyCharacter_C_0] Got you
[2020.04.04-22.14.31:366][929]LogBlueprintUserMessages: [BadGuyCharacter_C_2] moveto failed
[2020.04.04-22.14.31:389][933]LogBlueprintUserMessages: [BadGuyCharacter_2] Got you
[2020.04.04-22.14.31:570][966]LogBlueprintUserMessages: [BadGuyCharacter_C_0] Got you
[2020.04.04-22.14.31:695][988]LogBlueprintUserMessages: [BadGuyCharacter_2] Got you
[2020.04.04-22.14.31:873][ 20]LogBlueprintUserMessages: [BadGuyCharacter_C_0] Got you
[2020.04.04-22.14.32:001][ 43]LogBlueprintUserMessages: [BadGuyCharacter_2] Got you
[2020.04.04-22.14.32:178][ 75]LogBlueprintUserMessages: [BadGuyCharacter_C_0] Got you
[2020.04.04-22.14.32:310][ 98]LogBlueprintUserMessages: [BadGuyCharacter_2] Got you
[2020.04.04-22.14.32:489][129]LogBlueprintUserMessages: [BadGuyCharacter_C_0] Got you
[2020.04.04-22.14.32:612][150]LogBlueprintUserMessages: [BadGuyCharacter_2] Got you
[2020.04.04-22.14.32:799][182]LogBlueprintUserMessages: [BadGuyCharacter_C_0] Got you
[2020.04.04-22.14.32:920][203]LogBlueprintUserMessages: [BadGuyCharacter_2] Got you
[2020.04.04-22.14.33:106][235]LogBlueprintUserMessages: [BadGuyCharacter_C_0] Got you
[2020.04.04-22.14.33:306][269]LogBlueprintUserMessages: [BadGuyCharacter_C_3] Got you
[2020.04.04-22.14.33:409][286]LogBlueprintUserMessages: [BadGuyCharacter_C_0] Got you
[2020.04.04-22.14.33:610][318]LogBlueprintUserMessages: [BadGuyCharacter_C_3] Got you
[2020.04.04-22.14.33:713][335]LogBlueprintUserMessages: [BadGuyCharacter_C_0] Got you
[2020.04.04-22.14.33:918][370]LogBlueprintUserMessages: [BadGuyCharacter_C_3] Got you
[2020.04.04-22.14.34:021][388]LogBlueprintUserMessages: [BadGuyCharacter_C_0] Got you
[2020.04.04-22.14.34:221][422]LogBlueprintUserMessages: [BadGuyCharacter_C_3] Got you
[2020.04.04-22.14.34:325][439]LogBlueprintUserMessages: [BadGuyCharacter_C_0] Got you
[2020.04.04-22.14.34:530][472]LogBlueprintUserMessages: [BadGuyCharacter_C_3] Got you
[2020.04.04-22.14.34:632][489]LogBlueprintUserMessages: [BadGuyCharacter_C_0] Got you
[2020.04.04-22.14.34:837][523]LogBlueprintUserMessages: [BadGuyCharacter_C_3] Got you
[2020.04.04-22.14.34:943][540]LogBlueprintUserMessages: [BadGuyCharacter_C_0] Got you
[2020.04.04-22.14.35:141][572]LogBlueprintUserMessages: [BadGuyCharacter_C_3] Got you
[2020.04.04-22.14.35:249][590]LogBlueprintUserMessages: [BadGuyCharacter_C_0] Got you
[2020.04.04-22.14.35:449][623]LogBlueprintUserMessages: [BadGuyCharacter_C_3] Got you
[2020.04.04-22.14.35:553][640]LogBlueprintUserMessages: [BadGuyCharacter_C_0] Got you
[2020.04.04-22.14.35:755][674]LogBlueprintUserMessages: [BadGuyCharacter_C_3] Got you
[2020.04.04-22.14.35:860][692]LogBlueprintUserMessages: [BadGuyCharacter_C_0] Got you
[2020.04.04-22.14.36:064][727]LogBlueprintUserMessages: [BadGuyCharacter_C_3] Got you
[2020.04.04-22.14.36:167][745]LogBlueprintUserMessages: [BadGuyCharacter_C_0] Got you
[2020.04.04-22.14.36:369][779]LogBlueprintUserMessages: [BadGuyCharacter_C_3] Got you
[2020.04.04-22.14.36:473][797]LogBlueprintUserMessages: [BadGuyCharacter_C_0] Got you
[2020.04.04-22.14.36:675][832]LogBlueprintUserMessages: [BadGuyCharacter_C_3] Got you
[2020.04.04-22.14.36:776][850]LogBlueprintUserMessages: [BadGuyCharacter_C_0] Got you
[2020.04.04-22.14.37:084][902]LogBlueprintUserMessages: [BadGuyCharacter_C_0] Got you
[2020.04.04-22.14.37:385][952]LogBlueprintUserMessages: [BadGuyCharacter_C_0] Got you
[2020.04.04-22.14.37:690][  5]LogBlueprintUserMessages: [BadGuyCharacter_C_0] Got you
[2020.04.04-22.14.37:996][ 59]LogBlueprintUserMessages: [BadGuyCharacter_C_0] Got you
[2020.04.04-22.14.38:300][112]LogBlueprintUserMessages: [BadGuyCharacter_C_0] Got you
[2020.04.04-22.14.38:550][145]LogBlueprintUserMessages: [BadGuyCharacter_C_8] Got you
[2020.04.04-22.14.38:654][165]LogBlueprintUserMessages: [BadGuyCharacter_C_0] Got you
[2020.04.04-22.14.38:789][189]LogBlueprintUserMessages: [BadGuyCharacter_C_8] Got you
[2020.04.04-22.14.38:960][219]LogBlueprintUserMessages: [BadGuyCharacter_C_0] Got you
[2020.04.04-22.14.39:093][242]LogBlueprintUserMessages: [BadGuyCharacter_C_8] Got you
[2020.04.04-22.14.39:265][272]LogBlueprintUserMessages: [BadGuyCharacter_C_0] Got you
[2020.04.04-22.14.39:403][297]LogBlueprintUserMessages: [BadGuyCharacter_C_8] Got you
[2020.04.04-22.14.39:575][328]LogBlueprintUserMessages: [BadGuyCharacter_C_0] Got you
[2020.04.04-22.14.39:711][353]LogBlueprintUserMessages: [BadGuyCharacter_C_8] Got you
[2020.04.04-22.14.39:880][384]LogBlueprintUserMessages: [BadGuyCharacter_C_0] Got you
[2020.04.04-22.14.40:020][410]LogBlueprintUserMessages: [BadGuyCharacter_C_8] Got you
[2020.04.04-22.14.40:187][441]LogBlueprintUserMessages: [BadGuyCharacter_C_0] Got you
[2020.04.04-22.14.40:321][465]LogBlueprintUserMessages: [BadGuyCharacter_C_8] Got you
[2020.04.04-22.14.40:496][497]LogBlueprintUserMessages: [BadGuyCharacter_C_0] Got you
[2020.04.04-22.14.40:629][521]LogBlueprintUserMessages: [BadGuyCharacter_C_8] Got you
[2020.04.04-22.14.40:801][552]LogBlueprintUserMessages: [BadGuyCharacter_C_0] Got you
[2020.04.04-22.14.40:940][577]LogBlueprintUserMessages: [BadGuyCharacter_C_8] Got you
[2020.04.04-22.14.41:105][607]LogBlueprintUserMessages: [BadGuyCharacter_C_0] Got you
[2020.04.04-22.14.41:245][633]LogBlueprintUserMessages: [BadGuyCharacter_C_8] Got you
[2020.04.04-22.14.41:410][663]LogBlueprintUserMessages: [BadGuyCharacter_C_0] Got you
[2020.04.04-22.14.41:552][689]LogBlueprintUserMessages: [BadGuyCharacter_C_8] Got you
[2020.04.04-22.14.41:714][719]LogBlueprintUserMessages: [BadGuyCharacter_C_0] Got you
[2020.04.04-22.14.41:853][745]LogBlueprintUserMessages: [BadGuyCharacter_C_8] Got you
[2020.04.04-22.14.42:019][775]LogBlueprintUserMessages: [BadGuyCharacter_C_0] Got you
[2020.04.04-22.14.42:157][800]LogBlueprintUserMessages: [BadGuyCharacter_C_8] Got you
[2020.04.04-22.14.42:326][830]LogBlueprintUserMessages: [BadGuyCharacter_C_0] Got you
[2020.04.04-22.14.42:464][855]LogBlueprintUserMessages: [BadGuyCharacter_C_8] Got you
[2020.04.04-22.14.42:635][886]LogBlueprintUserMessages: [BadGuyCharacter_C_0] Got you
[2020.04.04-22.14.42:770][910]LogBlueprintUserMessages: [BadGuyCharacter_C_8] Got you
[2020.04.04-22.14.42:813][918]LogWindowsDesktop: Alt-F4 pressed!
[2020.04.04-22.14.42:825][918]LogSlate: Window 'MyProject (64-bit Development PCD3D_SM5) ' being destroyed
[2020.04.04-22.14.42:829][918]LogWindowsTextInputMethodSystem: Display: IME system now deactivated.
[2020.04.04-22.14.42:833][918]LogWindowsTextInputMethodSystem: Display: IME system now deactivated.
[2020.04.04-22.14.42:833][918]LogSlate: Updating window title bar state: overlay mode, drag disabled, window buttons hidden, title bar hidden
[2020.04.04-22.14.42:833][918]LogEngine: All Windows Closed
[2020.04.04-22.14.42:833][918]LogWindows: FPlatformMisc::RequestExit(0)
[2020.04.04-22.14.42:833][918]LogCore: Engine exit requested (reason: Win RequestExit)
[2020.04.04-22.14.42:834][919]LogCore: Engine exit requested (reason: EngineExit() was called; note: exit was already requested)
[2020.04.04-22.14.42:834][919]LogAudioMixer: Display: No commands were queued while flushing the source manager.
[2020.04.04-22.14.42:840][919]LogInit: Display: PreExit Game.
[2020.04.04-22.14.42:840][919]LogWorld: BeginTearingDown for /Game/FirstPersonBP/Maps/FirstPersonExampleMap
[2020.04.04-22.14.42:840][919]LogWorld: UWorld::CleanupWorld for FirstPersonExampleMap, bSessionEnded=true, bCleanupResources=true
[2020.04.04-22.14.42:841][919]LogSlate: InvalidateAllWidgets triggered.  All widgets were invalidated
[2020.04.04-22.14.43:436][919]LogExit: Preparing to exit.
[2020.04.04-22.14.44:234][919]LogMoviePlayer: Shutting down movie player
[2020.04.04-22.14.44:338][919]LogSlate: Updating window title bar state: overlay mode, drag disabled, window buttons hidden, title bar hidden
[2020.04.04-22.14.44:347][919]LogExit: Game engine shut down
[2020.04.04-22.14.44:349][919]LogDemo: Cleaned up 0 splitscreen connections with owner deletion
[2020.04.04-22.14.44:425][919]LogExit: Object subsystem successfully closed.
[2020.04.04-22.14.44:444][919]LogShaderCompilers: Display: Shaders left to compile 0
[2020.04.04-22.14.44:456][919]LogModuleManager: Shutting down and abandoning module SequenceRecorderSections (436)
[2020.04.04-22.14.44:456][919]LogModuleManager: Shutting down and abandoning module SequenceRecorder (434)
[2020.04.04-22.14.44:456][919]LogModuleManager: Shutting down and abandoning module AutomationController (432)
[2020.04.04-22.14.44:456][919]LogModuleManager: Shutting down and abandoning module AutomationWorker (430)
[2020.04.04-22.14.44:456][919]LogModuleManager: Shutting down and abandoning module Voice (428)
[2020.04.04-22.14.44:456][919]LogModuleManager: Shutting down and abandoning module AIModule (426)
[2020.04.04-22.14.44:456][919]LogModuleManager: Shutting down and abandoning module GameplayDebugger (425)
[2020.04.04-22.14.44:456][919]LogModuleManager: Shutting down and abandoning module AITestSuite (423)
[2020.04.04-22.14.44:456][919]LogModuleManager: Shutting down and abandoning module NavigationSystem (421)
[2020.04.04-22.14.44:456][919]LogModuleManager: Shutting down and abandoning module OculusMR (418)
[2020.04.04-22.14.44:456][919]LogModuleManager: Shutting down and abandoning module WmfMediaFactory (416)
[2020.04.04-22.14.44:456][919]LogModuleManager: Shutting down and abandoning module WebMMediaFactory (414)
[2020.04.04-22.14.44:456][919]LogModuleManager: Shutting down and abandoning module WebMMedia (412)
[2020.04.04-22.14.44:456][919]LogModuleManager: Shutting down and abandoning module OpenExrWrapper (410)
[2020.04.04-22.14.44:456][919]LogModuleManager: Shutting down and abandoning module ImgMediaFactory (408)
[2020.04.04-22.14.44:456][919]LogModuleManager: Shutting down and abandoning module AvfMediaFactory (406)
[2020.04.04-22.14.44:456][919]LogModuleManager: Shutting down and abandoning module MagicLeapMediaCodecFactory (404)
[2020.04.04-22.14.44:456][919]LogModuleManager: Shutting down and abandoning module MagicLeapMediaFactory (402)
[2020.04.04-22.14.44:456][919]LogModuleManager: Shutting down and abandoning module CharacterAI (400)
[2020.04.04-22.14.44:456][919]LogModuleManager: Shutting down and abandoning module SessionServices (398)
[2020.04.04-22.14.44:456][919]LogModuleManager: Shutting down and abandoning module MovieSceneCapture (396)
[2020.04.04-22.14.44:456][919]LogModuleManager: Shutting down and abandoning module LiveCoding (394)
[2020.04.04-22.14.44:456][919]LogModuleManager: Shutting down and abandoning module LevelSequence (392)
[2020.04.04-22.14.44:456][919]LogModuleManager: Shutting down and abandoning module MovieSceneTracks (390)
[2020.04.04-22.14.44:456][919]LogModuleManager: Shutting down and abandoning module MovieScene (388)
[2020.04.04-22.14.44:456][919]LogModuleManager: Shutting down and abandoning module StreamingPauseRendering (386)
[2020.04.04-22.14.44:456][919]LogModuleManager: Shutting down and abandoning module PortalServices (384)
[2020.04.04-22.14.44:456][919]LogModuleManager: Shutting down and abandoning module PortalRpc (382)
[2020.04.04-22.14.44:456][919]LogModuleManager: Shutting down and abandoning module MessagingRpc (380)
[2020.04.04-22.14.44:456][919]LogModuleManager: Shutting down and abandoning module AudioMixerXAudio2 (378)
[2020.04.04-22.14.44:456][919]LogModuleManager: Shutting down and abandoning module ImageWriteQueue (376)
[2020.04.04-22.14.44:458][919]LogModuleManager: Shutting down and abandoning module ProfilerService (374)
[2020.04.04-22.14.44:579][919]LogModuleManager: Shutting down and abandoning module TaskGraph (372)
[2020.04.04-22.14.44:579][919]LogModuleManager: Shutting down and abandoning module ProceduralMeshComponent (370)
[2020.04.04-22.14.44:579][919]LogModuleManager: Shutting down and abandoning module OculusInput (368)
[2020.04.04-22.14.44:579][919]LogModuleManager: Shutting down and abandoning module MobilePatchingUtils (366)
[2020.04.04-22.14.44:579][919]LogModuleManager: Shutting down and abandoning module EditableMesh (364)
[2020.04.04-22.14.44:579][919]LogModuleManager: Shutting down and abandoning module CustomMeshComponent (362)
[2020.04.04-22.14.44:579][919]LogModuleManager: Shutting down and abandoning module CableComponent (360)
[2020.04.04-22.14.44:579][919]LogModuleManager: Shutting down and abandoning module AudioCapture (358)
[2020.04.04-22.14.44:579][919]LogModuleManager: Shutting down and abandoning module AudioCaptureRtAudio (357)
[2020.04.04-22.14.44:579][919]LogModuleManager: Shutting down and abandoning module AssetTags (354)
[2020.04.04-22.14.44:579][919]LogModuleManager: Shutting down and abandoning module ArchVisCharacter (352)
[2020.04.04-22.14.44:579][919]LogModuleManager: Shutting down and abandoning module AppleImageUtilsBlueprintSupport (350)
[2020.04.04-22.14.44:579][919]LogModuleManager: Shutting down and abandoning module AppleImageUtils (348)
[2020.04.04-22.14.44:579][919]LogModuleManager: Shutting down and abandoning module AndroidPermission (346)
[2020.04.04-22.14.44:579][919]LogModuleManager: Shutting down and abandoning module NUTUnrealEngine4 (344)
[2020.04.04-22.14.44:579][919]LogModuleManager: Shutting down and abandoning module NetcodeUnitTest (342)
[2020.04.04-22.14.44:579][919]LogModuleManager: Shutting down and abandoning module MediaCompositing (340)
[2020.04.04-22.14.44:579][919]LogModuleManager: Shutting down and abandoning module ImgMedia (338)
[2020.04.04-22.14.44:579][919]LogModuleManager: Shutting down and abandoning module MagicLeapHelperVulkan (336)
[2020.04.04-22.14.44:579][919]LogModuleManager: Shutting down and abandoning module MagicLeapHelperOpenGL (334)
[2020.04.04-22.14.44:579][919]LogModuleManager: Shutting down and abandoning module MagicLeapAudio (332)
[2020.04.04-22.14.44:579][919]LogModuleManager: Shutting down and abandoning module GeometryCacheTracks (330)
[2020.04.04-22.14.44:579][919]LogModuleManager: Shutting down and abandoning module GeometryCacheSequencer (329)
[2020.04.04-22.14.44:579][919]LogModuleManager: Shutting down and abandoning module GeometryCache (326)
[2020.04.04-22.14.44:579][919]LogModuleManager: Shutting down and abandoning module GeometryCacheEd (325)
[2020.04.04-22.14.44:579][919]LogModuleManager: Shutting down and abandoning module BackChannel (322)
[2020.04.04-22.14.44:579][919]LogModuleManager: Shutting down and abandoning module AutomationUtils (320)
[2020.04.04-22.14.44:579][919]LogModuleManager: Shutting down and abandoning module VisualStudioSourceCodeAccess (318)
[2020.04.04-22.14.44:579][919]LogModuleManager: Shutting down and abandoning module HotReload (317)
[2020.04.04-22.14.44:579][919]LogModuleManager: Shutting down and abandoning module DirectoryWatcher (316)
[2020.04.04-22.14.44:579][919]LogModuleManager: Shutting down and abandoning module VisualStudioCodeSourceCodeAccess (312)
[2020.04.04-22.14.44:579][919]LogModuleManager: Shutting down and abandoning module UObjectPlugin (310)
[2020.04.04-22.14.44:579][919]LogModuleManager: Shutting down and abandoning module SubversionSourceControl (308)
[2020.04.04-22.14.44:579][919]LogModuleManager: Shutting down and abandoning module PerforceSourceControl (306)
[2020.04.04-22.14.44:579][919]LogModuleManager: Shutting down and abandoning module SourceControl (305)
[2020.04.04-22.14.44:579][919]LogModuleManager: Shutting down and abandoning module CLionSourceCodeAccess (302)
[2020.04.04-22.14.44:579][919]LogModuleManager: Shutting down and abandoning module ActorLayerUtilities (300)
[2020.04.04-22.14.44:579][919]LogModuleManager: Shutting down and abandoning module SignificanceManager (298)
[2020.04.04-22.14.44:579][919]LogModuleManager: Shutting down and abandoning module RuntimePhysXCooking (296)
[2020.04.04-22.14.44:579][919]LogModuleManager: Shutting down and abandoning module PhysXVehiclesEditor (294)
[2020.04.04-22.14.44:580][919]LogModuleManager: Shutting down and abandoning module LocationServicesBPLibrary (290)
[2020.04.04-22.14.44:580][919]LogModuleManager: Shutting down and abandoning module ActorSequence (288)
[2020.04.04-22.14.44:580][919]LogModuleManager: Shutting down and abandoning module UdpMessaging (286)
[2020.04.04-22.14.44:680][919]LogModuleManager: Shutting down and abandoning module TcpMessaging (284)
[2020.04.04-22.14.45:232][919]LogModuleManager: Shutting down and abandoning module MagicLeapPrivileges (282)
[2020.04.04-22.14.45:232][919]LogModuleManager: Shutting down and abandoning module MagicLeapPlanes (280)
[2020.04.04-22.14.45:232][919]LogMagicLeapPlanes: Planes tracker already destroyed.
[2020.04.04-22.14.45:232][919]LogModuleManager: Shutting down and abandoning module MagicLeapIdentity (278)
[2020.04.04-22.14.45:232][919]LogModuleManager: Shutting down and abandoning module MagicLeapSecureStorage (276)
[2020.04.04-22.14.45:232][919]LogModuleManager: Shutting down and abandoning module MagicLeapImageTracker (274)
[2020.04.04-22.14.45:232][919]LogModuleManager: Shutting down and abandoning module MagicLeapHandTracking (272)
[2020.04.04-22.14.45:232][919]LogModuleManager: Shutting down and abandoning module MagicLeapHandMeshing (270)
[2020.04.04-22.14.45:232][919]LogModuleManager: Shutting down and abandoning module MagicLeapEyeTracker (268)
[2020.04.04-22.14.45:232][919]LogModuleManager: Shutting down and abandoning module MagicLeapController (266)
[2020.04.04-22.14.45:232][919]LogSlate: Slate User Destroyed.  User Index 0, Is Virtual User: 0
[2020.04.04-22.14.45:232][919]LogModuleManager: Shutting down and abandoning module MagicLeapARPin (264)
[2020.04.04-22.14.45:232][919]LogModuleManager: Shutting down and abandoning module MagicLeapAR (262)
[2020.04.04-22.14.45:232][919]LogModuleManager: Shutting down and abandoning module AugmentedReality (261)
[2020.04.04-22.14.45:232][919]LogModuleManager: Shutting down and abandoning module GameplayTagsEditor (258)
[2020.04.04-22.14.45:232][919]LogModuleManager: Shutting down and abandoning module FacialAnimation (256)
[2020.04.04-22.14.45:232][919]LogModuleManager: Shutting down and abandoning module AssetManagerEditor (254)
[2020.04.04-22.14.45:232][919]LogModuleManager: Shutting down and abandoning module TreeMap (253)
[2020.04.04-22.14.45:232][919]LogModuleManager: Shutting down and abandoning module AnimationSharing (250)
[2020.04.04-22.14.45:232][919]LogModuleManager: Shutting down and abandoning module LightPropagationVolumeRuntime (248)
[2020.04.04-22.14.45:232][919]LogModuleManager: Shutting down and abandoning module Paper2D (246)
[2020.04.04-22.14.45:232][919]LogModuleManager: Shutting down and abandoning module WindowsMoviePlayer (244)
[2020.04.04-22.14.45:232][919]LogModuleManager: Shutting down and abandoning module WebMMoviePlayer (242)
[2020.04.04-22.14.45:232][919]LogModuleManager: Shutting down and abandoning module NetworkReplayStreaming (240)
[2020.04.04-22.14.45:232][919]LogModuleManager: Shutting down and abandoning module PacketHandler (238)
[2020.04.04-22.14.45:232][919]LogModuleManager: Shutting down and abandoning module ClothingSystemEditor (236)
[2020.04.04-22.14.45:232][919]LogModuleManager: Shutting down and abandoning module ClothingSystemRuntimeNv (234)
[2020.04.04-22.14.45:232][919]LogModuleManager: Shutting down and abandoning module MediaAssets (232)
[2020.04.04-22.14.45:233][919]LogModuleManager: Shutting down and abandoning module Overlay (230)
[2020.04.04-22.14.45:233][919]LogModuleManager: Shutting down and abandoning module OverlayEditor (229)
[2020.04.04-22.14.45:233][919]LogModuleManager: Shutting down and abandoning module VREditor (226)
[2020.04.04-22.14.45:233][919]LogModuleManager: Shutting down and abandoning module StringTableEditor (224)
[2020.04.04-22.14.45:233][919]LogModuleManager: Shutting down and abandoning module GameplayTasksEditor (222)
[2020.04.04-22.14.45:233][919]LogModuleManager: Shutting down and abandoning module BehaviorTreeEditor (220)
[2020.04.04-22.14.45:233][919]LogModuleManager: Shutting down and abandoning module FunctionalTesting (218)
[2020.04.04-22.14.45:233][919]LogModuleManager: Shutting down and abandoning module CollisionAnalyzer (216)
[2020.04.04-22.14.45:233][919]LogModuleManager: Shutting down and abandoning module WorkspaceMenuStructure (215)
[2020.04.04-22.14.45:233][919]LogModuleManager: Shutting down and abandoning module UMG (212)
[2020.04.04-22.14.45:233][919]LogModuleManager: Shutting down and abandoning module UMGEditor (211)
[2020.04.04-22.14.45:233][919]LogModuleManager: Shutting down and abandoning module Sequencer (210)
[2020.04.04-22.14.45:233][919]LogModuleManager: Shutting down and abandoning module MessageLog (207)
[2020.04.04-22.14.45:233][919]LogModuleManager: Shutting down and abandoning module SlateReflector (202)
[2020.04.04-22.14.45:233][919]LogModuleManager: Shutting down and abandoning module Slate (200)
[2020.04.04-22.14.45:233][919]LogModuleManager: Shutting down and abandoning module SlateCore (198)
[2020.04.04-22.14.45:233][919]LogModuleManager: Shutting down and abandoning module LandscapeEditorUtilities (196)
[2020.04.04-22.14.45:233][919]LogModuleManager: Shutting down and abandoning module EditorStyle (194)
[2020.04.04-22.14.45:234][919]LogModuleManager: Shutting down and abandoning module UnrealEd (192)
[2020.04.04-22.14.45:234][919]LogModuleManager: Shutting down and abandoning module MRMesh (190)
[2020.04.04-22.14.45:234][919]LogModuleManager: Shutting down and abandoning module Messaging (188)
[2020.04.04-22.14.45:234][919]LogModuleManager: Shutting down and abandoning module SourceCodeAccess (186)
[2020.04.04-22.14.45:234][919]LogModuleManager: Shutting down and abandoning module HeadMountedDisplay (184)
[2020.04.04-22.14.45:234][919]LogModuleManager: Shutting down and abandoning module XAudio2 (182)
[2020.04.04-22.14.45:234][919]LogModuleManager: Shutting down and abandoning module Networking (180)
[2020.04.04-22.14.45:234][919]LogModuleManager: Shutting down and abandoning module Core (178)
[2020.04.04-22.14.45:234][919]LogModuleManager: Shutting down and abandoning module MovieSceneTools (176)
[2020.04.04-22.14.45:234][919]LogModuleManager: Shutting down and abandoning module KismetCompiler (174)
[2020.04.04-22.14.45:234][919]LogModuleManager: Shutting down and abandoning module MeshUtilities (172)
[2020.04.04-22.14.45:234][919]LogModuleManager: Shutting down and abandoning module MeshMergeUtilities (171)
[2020.04.04-22.14.45:234][919]LogModuleManager: Shutting down and abandoning module MeshReductionInterface (170)
[2020.04.04-22.14.45:234][919]LogModuleManager: Shutting down and abandoning module MeshBoneReduction (169)
[2020.04.04-22.14.45:234][919]LogModuleManager: Shutting down and abandoning module SkeletalMeshReduction (167)
[2020.04.04-22.14.45:234][919]LogModuleManager: Shutting down and abandoning module ProxyLODMeshReduction (165)
[2020.04.04-22.14.45:234][919]LogModuleManager: Shutting down and abandoning module QuadricMeshReduction (163)
[2020.04.04-22.14.45:234][919]LogModuleManager: Shutting down and abandoning module MaterialBaking (159)
[2020.04.04-22.14.45:234][919]LogModuleManager: Shutting down and abandoning module NullInstallBundleManager (154)
[2020.04.04-22.14.45:234][919]LogModuleManager: Shutting down and abandoning module PIEPreviewDeviceProfileSelector (152)
[2020.04.04-22.14.45:234][919]LogModuleManager: Shutting down and abandoning module DerivedDataCache (150)
[2020.04.04-22.14.45:234][919]LogDerivedDataCache: Shutdown
[2020.04.04-22.14.45:234][919]LogModuleManager: Shutting down and abandoning module XGEController (148)
[2020.04.04-22.14.45:234][919]LogModuleManager: Shutting down and abandoning module TargetPlatform (146)
[2020.04.04-22.14.45:234][919]LogModuleManager: Shutting down and abandoning module VulkanShaderFormat (145)
[2020.04.04-22.14.45:234][919]LogModuleManager: Shutting down and abandoning module ShaderFormatVectorVM (143)
[2020.04.04-22.14.45:234][919]LogModuleManager: Shutting down and abandoning module ShaderFormatOpenGL (141)
[2020.04.04-22.14.45:234][919]LogModuleManager: Shutting down and abandoning module ShaderFormatD3D (139)
[2020.04.04-22.14.45:234][919]LogModuleManager: Shutting down and abandoning module MetalShaderFormat (137)
[2020.04.04-22.14.45:234][919]LogModuleManager: Shutting down and abandoning module TextureFormatUncompressed (135)
[2020.04.04-22.14.45:234][919]LogModuleManager: Shutting down and abandoning module TextureFormatPVR (133)
[2020.04.04-22.14.45:234][919]LogModuleManager: Shutting down and abandoning module TextureFormatDXT (131)
[2020.04.04-22.14.45:234][919]LogModuleManager: Shutting down and abandoning module TextureFormatIntelISPCTexComp (129)
[2020.04.04-22.14.45:234][919]LogModuleManager: Shutting down and abandoning module TextureFormatASTC (127)
[2020.04.04-22.14.45:234][919]LogModuleManager: Shutting down and abandoning module ImageWrapper (126)
[2020.04.04-22.14.45:234][919]LogModuleManager: Shutting down and abandoning module TextureFormatAndroid (123)
[2020.04.04-22.14.45:234][919]LogModuleManager: Shutting down and abandoning module AudioFormatOpus (121)
[2020.04.04-22.14.45:234][919]LogModuleManager: Shutting down and abandoning module AudioFormatOgg (119)
[2020.04.04-22.14.45:234][919]LogModuleManager: Shutting down and abandoning module AudioFormatADPCM (117)
[2020.04.04-22.14.45:234][919]LogModuleManager: Shutting down and abandoning module WindowsServerTargetPlatform (115)
[2020.04.04-22.14.45:234][919]LogModuleManager: Shutting down and abandoning module WindowsClientTargetPlatform (113)
[2020.04.04-22.14.45:234][919]LogModuleManager: Shutting down and abandoning module WindowsTargetPlatform (111)
[2020.04.04-22.14.45:234][919]LogModuleManager: Shutting down and abandoning module WindowsNoEditorTargetPlatform (109)
[2020.04.04-22.14.45:234][919]LogModuleManager: Shutting down and abandoning module D3D12RHI (106)
[2020.04.04-22.14.45:234][919]LogModuleManager: Shutting down and abandoning module InputCore (104)
[2020.04.04-22.14.45:234][919]LogModuleManager: Shutting down and abandoning module Settings (102)
[2020.04.04-22.14.45:234][919]LogModuleManager: Shutting down and abandoning module PhysXCooking (100)
[2020.04.04-22.14.45:234][919]LogModuleManager: Shutting down and abandoning module ChaosSolvers (98)
[2020.04.04-22.14.45:234][919]LogModuleManager: Shutting down and abandoning module FieldSystemEngine (97)
[2020.04.04-22.14.45:234][919]LogModuleManager: Shutting down and abandoning module Chaos (94)
[2020.04.04-22.14.45:234][919]LogModuleManager: Shutting down and abandoning module WindowsPlatformFeatures (92)
[2020.04.04-22.14.45:234][919]LogModuleManager: Shutting down and abandoning module GameplayMediaEncoder (91)
[2020.04.04-22.14.45:234][919]LogModuleManager: Shutting down and abandoning module SteamVRInputDevice (88)
[2020.04.04-22.14.45:234][919]LogModuleManager: Shutting down and abandoning module SteamVRInput (86)
[2020.04.04-22.14.45:234][919]LogModuleManager: Shutting down and abandoning module SteamVR (84)
[2020.04.04-22.14.45:234][919]LogHMD: Freeing OpenVRDLLHandle.
[2020.04.04-22.14.45:234][919]LogModuleManager: Shutting down and abandoning module OculusHMD (82)
[2020.04.04-22.14.45:234][919]LogModuleManager: Shutting down and abandoning module ExampleDeviceProfileSelector (80)
[2020.04.04-22.14.45:234][919]LogModuleManager: Shutting down and abandoning module LauncherChunkInstaller (78)
[2020.04.04-22.14.45:234][919]LogModuleManager: Shutting down and abandoning module OnlineBlueprintSupport (76)
[2020.04.04-22.14.45:234][919]LogModuleManager: Shutting down and abandoning module OnlineSubsystem (72)
[2020.04.04-22.14.45:235][919]LogModuleManager: Shutting down and abandoning module XMPP (67)
[2020.04.04-22.14.45:235][919]LogModuleManager: Shutting down and abandoning module WebSockets (66)
[2020.04.04-22.14.45:239][919]LogModuleManager: Shutting down and abandoning module HTTP (63)
[2020.04.04-22.14.45:261][919]LogModuleManager: Shutting down and abandoning module SSL (62)
[2020.04.04-22.14.45:262][919]LogModuleManager: Shutting down and abandoning module WmfMedia (58)
[2020.04.04-22.14.45:263][919]LogModuleManager: Shutting down and abandoning module Media (57)
[2020.04.04-22.14.45:263][919]LogModuleManager: Shutting down and abandoning module MagicLeap (54)
[2020.04.04-22.14.45:263][919]LogModuleManager: Shutting down and abandoning module VariantManagerContent (52)
[2020.04.04-22.14.45:263][919]LogModuleManager: Shutting down and abandoning module DatasmithContent (50)
[2020.04.04-22.14.45:264][919]LogModuleManager: Shutting down and abandoning module AISupportModule (48)
[2020.04.04-22.14.45:264][919]LogModuleManager: Shutting down and abandoning module DesktopPlatform (46)
[2020.04.04-22.14.45:264][919]LogModuleManager: Shutting down and abandoning module PlatformCryptoOpenSSL (44)
[2020.04.04-22.14.45:264][919]LogModuleManager: Shutting down and abandoning module PlatformCryptoTypes (42)
[2020.04.04-22.14.45:264][919]LogModuleManager: Shutting down and abandoning module PlatformCrypto (40)
[2020.04.04-22.14.45:264][919]LogModuleManager: Shutting down and abandoning module AnimationModifiers (38)
[2020.04.04-22.14.45:264][919]LogModuleManager: Shutting down and abandoning module PropertyEditor (37)
[2020.04.04-22.14.45:264][919]LogModuleManager: Shutting down and abandoning module AudioEditor (34)
[2020.04.04-22.14.45:264][919]LogModuleManager: Shutting down and abandoning module TextureCompressor (32)
[2020.04.04-22.14.45:264][919]LogModuleManager: Shutting down and abandoning module RenderCore (30)
[2020.04.04-22.14.45:264][919]LogModuleManager: Shutting down and abandoning module Landscape (28)
[2020.04.04-22.14.45:264][919]LogModuleManager: Shutting down and abandoning module SlateRHIRenderer (26)
[2020.04.04-22.14.45:264][919]LogModuleManager: Shutting down and abandoning module OpenGLDrv (24)
[2020.04.04-22.14.45:264][919]LogModuleManager: Shutting down and abandoning module D3D11RHI (22)
[2020.04.04-22.14.45:264][919]LogModuleManager: Shutting down and abandoning module AnimGraphRuntime (20)
[2020.04.04-22.14.45:264][919]LogModuleManager: Shutting down and abandoning module Renderer (18)
[2020.04.04-22.14.45:264][919]LogModuleManager: Shutting down and abandoning module Engine (16)
[2020.04.04-22.14.45:264][919]LogModuleManager: Shutting down and abandoning module CoreUObject (14)
[2020.04.04-22.14.45:264][919]LogModuleManager: Shutting down and abandoning module NetworkFile (12)
[2020.04.04-22.14.45:264][919]LogModuleManager: Shutting down and abandoning module CookedIterativeFile (10)
[2020.04.04-22.14.45:264][919]LogModuleManager: Shutting down and abandoning module StreamingFile (8)
[2020.04.04-22.14.45:264][919]LogModuleManager: Shutting down and abandoning module SandboxFile (6)
[2020.04.04-22.14.45:264][919]LogModuleManager: Shutting down and abandoning module PakFile (4)
[2020.04.04-22.14.45:264][919]LogModuleManager: Shutting down and abandoning module RSA (3)
[2020.04.04-22.14.45:324][919]LogD3D12RHI: ~FD3D12DynamicRHI
[2020.04.04-22.14.45:342][919]LogExit: Exiting.
[2020.04.04-22.14.45:349][919]Log file closed, 04/04/20 15:14:45
